Log file open, 02/13/22 04:57:11
LogWindows: Failed to load 'aqProf.dll' (GetLastError=126)
LogWindows: File 'aqProf.dll' does not exist
LogWindows: Failed to load 'VtuneApi.dll' (GetLastError=126)
LogWindows: File 'VtuneApi.dll' does not exist
LogWindows: Failed to load 'VtuneApi32e.dll' (GetLastError=126)
LogWindows: File 'VtuneApi32e.dll' does not exist
LogConsoleResponse: Display: Failed to find resolution value strings in scalability ini. Falling back to default.
LogConsoleResponse: Display: Failed to find resolution value strings in scalability ini. Falling back to default.
LogInit: Display: Running engine for game: InfiniteMatrix
LogPlatformFile: Not using cached read wrapper
LogTaskGraph: Started task graph with 5 named threads and 35 total threads with 3 sets of task threads.
LogStats: Stats thread started at 0.342357
LogICUInternationalization: ICU TimeZone Detection - Raw Offset: -6:00, Platform Override: ''
LogInit: Display: Loading text-based GConfig....
LogPluginManager: Mounting plugin MeshPainting
LogPluginManager: Mounting plugin XGEController
LogPluginManager: Mounting plugin Paper2D
LogPluginManager: Mounting plugin LiveLink
LogPluginManager: Mounting plugin AISupport
LogPluginManager: Mounting plugin EnvironmentQueryEditor
LogPluginManager: Mounting plugin GameplayCameras
LogPluginManager: Mounting plugin CameraShakePreviewer
LogPluginManager: Mounting plugin LightPropagationVolume
LogPluginManager: Mounting plugin CLionSourceCodeAccess
LogPluginManager: Mounting plugin AnimationSharing
LogPluginManager: Mounting plugin KDevelopSourceCodeAccess
LogPluginManager: Mounting plugin GitSourceControl
LogPluginManager: Mounting plugin NullSourceCodeAccess
LogPluginManager: Mounting plugin CodeLiteSourceCodeAccess
LogPluginManager: Mounting plugin PerforceSourceControl
LogPluginManager: Mounting plugin PixWinPlugin
LogPluginManager: Mounting plugin PluginUtils
LogPluginManager: Mounting plugin PlasticSourceControl
LogPluginManager: Mounting plugin PropertyAccessNode
LogPluginManager: Mounting plugin RiderSourceCodeAccess
LogPluginManager: Mounting plugin SubversionSourceControl
LogPluginManager: Mounting plugin TextureFormatOodle
LogPluginManager: Mounting plugin VisualStudioCodeSourceCodeAccess
LogPluginManager: Mounting plugin UObjectPlugin
LogPluginManager: Mounting plugin XCodeSourceCodeAccess
LogPluginManager: Mounting plugin VisualStudioSourceCodeAccess
LogPluginManager: Mounting plugin DatasmithContent
LogPluginManager: Mounting plugin VariantManagerContent
LogPluginManager: Mounting plugin CryptoKeys
LogPluginManager: Mounting plugin CurveEditorTools
LogPluginManager: Mounting plugin AssetManagerEditor
LogPluginManager: Mounting plugin DataValidation
LogPluginManager: Mounting plugin FacialAnimation
LogPluginManager: Mounting plugin GameplayTagsEditor
LogPluginManager: Mounting plugin GeometryMode
LogPluginManager: Mounting plugin MacGraphicsSwitching
LogPluginManager: Mounting plugin MaterialAnalyzer
LogPluginManager: Mounting plugin MobileLauncherProfileWizard
LogPluginManager: Mounting plugin PluginBrowser
LogPluginManager: Mounting plugin SpeedTreeImporter
LogPluginManager: Mounting plugin AlembicImporter
LogPluginManager: Mounting plugin AutomationUtils
LogPluginManager: Mounting plugin BackChannel
LogPluginManager: Mounting plugin ChaosCloth
LogPluginManager: Mounting plugin ChaosClothEditor
LogPluginManager: Mounting plugin ChaosNiagara
LogPluginManager: Mounting plugin ChaosEditor
LogPluginManager: Mounting plugin ChaosSolverPlugin
LogPluginManager: Mounting plugin CharacterAI
LogPluginManager: Mounting plugin GeometryCache
LogPluginManager: Mounting plugin GeometryCollectionPlugin
LogPluginManager: Mounting plugin GeometryProcessing
LogPluginManager: Mounting plugin Niagara
LogPluginManager: Mounting plugin MotoSynth
LogPluginManager: Mounting plugin OpenImageDenoise
LogPluginManager: Mounting plugin PlanarCut
LogPluginManager: Mounting plugin PlatformCrypto
LogPluginManager: Mounting plugin ProxyLODPlugin
LogPluginManager: Mounting plugin PythonScriptPlugin
LogPluginManager: Mounting plugin SkeletalReduction
LogPluginManager: Mounting plugin OodleData
LogPluginManager: Mounting plugin OodleNetwork
LogPluginManager: Mounting plugin LuminPlatformFeatures
LogPluginManager: Mounting plugin MagicLeap
LogPluginManager: Mounting plugin MagicLeapLightEstimation
LogPluginManager: Mounting plugin MagicLeapMedia
LogPluginManager: Mounting plugin MagicLeapPassableWorld
LogPluginManager: Mounting plugin MLSDK
LogPluginManager: Mounting plugin AndroidMedia
LogPluginManager: Mounting plugin AvfMedia
LogPluginManager: Mounting plugin ImgMedia
LogPluginManager: Mounting plugin MediaCompositing
LogPluginManager: Mounting plugin MediaPlayerEditor
LogPluginManager: Mounting plugin WebMMedia
LogPluginManager: Mounting plugin WmfMedia
LogPluginManager: Mounting plugin TcpMessaging
LogPluginManager: Mounting plugin UdpMessaging
LogPluginManager: Mounting plugin ActorSequence
LogPluginManager: Mounting plugin LevelSequenceEditor
LogPluginManager: Mounting plugin MatineeToLevelSequence
LogPluginManager: Mounting plugin TemplateSequence
LogPluginManager: Mounting plugin OnlineSubsystem
LogPluginManager: Mounting plugin OnlineSubsystemNull
LogPluginManager: Mounting plugin OnlineSubsystemUtils
LogPluginManager: Mounting plugin LauncherChunkInstaller
LogPluginManager: Mounting plugin ActorLayerUtilities
LogPluginManager: Mounting plugin AndroidMoviePlayer
LogPluginManager: Mounting plugin AndroidDeviceProfileSelector
LogPluginManager: Mounting plugin AndroidPermission
LogPluginManager: Mounting plugin AppleImageUtils
LogPluginManager: Mounting plugin AppleMoviePlayer
LogPluginManager: Mounting plugin ArchVisCharacter
LogPluginManager: Mounting plugin AssetTags
LogPluginManager: Mounting plugin AudioCapture
LogPluginManager: Mounting plugin CableComponent
LogPluginManager: Mounting plugin AudioSynesthesia
LogPluginManager: Mounting plugin ChunkDownloader
LogPluginManager: Mounting plugin CustomMeshComponent
LogPluginManager: Mounting plugin EditableMesh
LogPluginManager: Mounting plugin ExampleDeviceProfileSelector
LogPluginManager: Mounting plugin GoogleCloudMessaging
LogPluginManager: Mounting plugin GooglePAD
LogPluginManager: Mounting plugin IOSDeviceProfileSelector
LogPluginManager: Mounting plugin LinuxDeviceProfileSelector
LogPluginManager: Mounting plugin LocationServicesBPLibrary
LogPluginManager: Mounting plugin MobilePatchingUtils
LogPluginManager: Mounting plugin OpenXR
LogPluginManager: Mounting plugin OpenXRHandTracking
LogPluginManager: Mounting plugin OpenXREyeTracker
LogPluginManager: Mounting plugin PhysXVehicles
LogPluginManager: Mounting plugin PostSplashScreen
LogPluginManager: Mounting plugin ScreenshotTools
LogPluginManager: Mounting plugin SignificanceManager
LogPluginManager: Mounting plugin RuntimePhysXCooking
LogPluginManager: Mounting plugin SoundFields
LogPluginManager: Mounting plugin Synthesis
LogPluginManager: Mounting plugin WebMMoviePlayer
LogPluginManager: Mounting plugin WindowsMoviePlayer
LogPluginManager: Mounting plugin PropertyAccessEditor
LogPluginManager: Mounting plugin Takes
LogPluginManager: Mounting plugin ProceduralMeshComponent
LogPluginManager: Mounting plugin ContentBrowserAssetDataSource
LogPluginManager: Mounting plugin ContentBrowserClassDataSource
LogPluginManager: Mounting plugin ContentBrowserFileDataSource
LogPluginManager: Mounting plugin OnlineSubsystemGooglePlay
LogPluginManager: Mounting plugin OnlineSubsystemIOS
LogPluginManager: Mounting plugin OculusVR
LogPluginManager: Mounting plugin SteamVR
PixWinPlugin: PIX capture plugin failed to initialize! Check that the process is launched from PIX.
LogInit: Using libcurl 7.55.1-DEV
LogInit:  - built for x86_64-pc-win32
LogInit:  - supports SSL with OpenSSL/1.1.1
LogInit:  - supports HTTP deflate (compression) using libz 1.2.8
LogInit:  - other features:
LogInit:      CURL_VERSION_SSL
LogInit:      CURL_VERSION_LIBZ
LogInit:      CURL_VERSION_IPV6
LogInit:      CURL_VERSION_ASYNCHDNS
LogInit:      CURL_VERSION_LARGEFILE
LogInit:      CURL_VERSION_IDN
LogInit:  CurlRequestOptions (configurable via config and command line):
LogInit:  - bVerifyPeer = true  - Libcurl will verify peer certificate
LogInit:  - bUseHttpProxy = false  - Libcurl will NOT use HTTP proxy
LogInit:  - bDontReuseConnections = false  - Libcurl will reuse connections
LogInit:  - MaxHostConnections = 16  - Libcurl will limit the number of connections to a host
LogInit:  - LocalHostAddr = Default
LogInit:  - BufferSize = 65536
LogOnline: OSS: Creating online subsystem instance for: NULL
LogInit: WinSock: version 1.1 (2.2), MaxSocks=32767, MaxUdp=65467
LogOnline: OSS: TryLoadSubsystemAndSetDefault: Loaded subsystem for module [NULL]
LogOculusPluginWrapper: OculusPlugin initialized successfully
LogHMD: Failed initializing OVRPlugin 1.59.0
LogInit: Build: ++UE4+Release-4.27-CL-18319896
LogInit: Engine Version: 4.27.2-18319896+++UE4+Release-4.27
LogInit: Compatible Engine Version: 4.27.0-17155196+++UE4+Release-4.27
LogInit: Net CL: 17155196
LogInit: OS: Windows 10 (Release 2009) (), CPU: Intel(R) Core(TM) i7-9750H CPU @ 2.60GHz, GPU: Intel(R) UHD Graphics 630
LogInit: Compiled (64-bit): Nov 30 2021 07:12:08
LogInit: Compiled with Visual C++: 19.24.28315.00
LogInit: Build Configuration: Development
LogInit: Branch Name: ++UE4+Release-4.27
LogInit: Command Line: 
LogInit: Base Directory: C:/Program Files/Epic Games/UE_4.27/Engine/Binaries/Win64/
LogInit: Allocator: TBB
LogInit: Installed Engine Build: 1
LogDevObjectVersion: Number of dev versions registered: 29
LogDevObjectVersion:   Dev-Blueprints (B0D832E4-1F89-4F0D-ACCF-7EB736FD4AA2): 10
LogDevObjectVersion:   Dev-Build (E1C64328-A22C-4D53-A36C-8E866417BD8C): 0
LogDevObjectVersion:   Dev-Core (375EC13C-06E4-48FB-B500-84F0262A717E): 4
LogDevObjectVersion:   Dev-Editor (E4B068ED-F494-42E9-A231-DA0B2E46BB41): 40
LogDevObjectVersion:   Dev-Framework (CFFC743F-43B0-4480-9391-14DF171D2073): 37
LogDevObjectVersion:   Dev-Mobile (B02B49B5-BB20-44E9-A304-32B752E40360): 3
LogDevObjectVersion:   Dev-Networking (A4E4105C-59A1-49B5-A7C5-40C4547EDFEE): 0
LogDevObjectVersion:   Dev-Online (39C831C9-5AE6-47DC-9A44-9C173E1C8E7C): 0
LogDevObjectVersion:   Dev-Physics (78F01B33-EBEA-4F98-B9B4-84EACCB95AA2): 14
LogDevObjectVersion:   Dev-Platform (6631380F-2D4D-43E0-8009-CF276956A95A): 0
LogDevObjectVersion:   Dev-Rendering (12F88B9F-8875-4AFC-A67C-D90C383ABD29): 45
LogDevObjectVersion:   Dev-Sequencer (7B5AE74C-D270-4C10-A958-57980B212A5A): 13
LogDevObjectVersion:   Dev-VR (D7296918-1DD6-4BDD-9DE2-64A83CC13884): 3
LogDevObjectVersion:   Dev-LoadTimes (C2A15278-BFE7-4AFE-6C17-90FF531DF755): 1
LogDevObjectVersion:   Private-Geometry (6EACA3D4-40EC-4CC1-B786-8BED09428FC5): 3
LogDevObjectVersion:   Dev-AnimPhys (29E575DD-E0A3-4627-9D10-D276232CDCEA): 17
LogDevObjectVersion:   Dev-Anim (AF43A65D-7FD3-4947-9873-3E8ED9C1BB05): 15
LogDevObjectVersion:   Dev-ReflectionCapture (6B266CEC-1EC7-4B8F-A30B-E4D90942FC07): 1
LogDevObjectVersion:   Dev-Automation (0DF73D61-A23F-47EA-B727-89E90C41499A): 1
LogDevObjectVersion:   FortniteMain (601D1886-AC64-4F84-AA16-D3DE0DEAC7D6): 47
LogDevObjectVersion:   FortniteRelease (E7086368-6B23-4C58-8439-1B7016265E91): 1
LogDevObjectVersion:   Dev-Enterprise (9DFFBCD6-494F-0158-E221-12823C92A888): 10
LogDevObjectVersion:   Dev-Niagara (F2AED0AC-9AFE-416F-8664-AA7FFA26D6FC): 1
LogDevObjectVersion:   Dev-Destruction (174F1F0B-B4C6-45A5-B13F-2EE8D0FB917D): 10
LogDevObjectVersion:   Dev-Physics-Ext (35F94A83-E258-406C-A318-09F59610247C): 41
LogDevObjectVersion:   Dev-PhysicsMaterial-Chaos (B68FC16E-8B1B-42E2-B453-215C058844FE): 1
LogDevObjectVersion:   Dev-CineCamera (B2E18506-4273-CFC2-A54E-F4BB758BBA07): 1
LogDevObjectVersion:   Dev-VirtualProduction (64F58936-FD1B-42BA-BA96-7289D5D0FA4E): 1
LogDevObjectVersion:   Dev-MediaFramework (6F0ED827-A609-4895-9C91-998D90180EA4): 2
LogInit: Presizing for max 25165824 objects, including 0 objects not considered by GC, pre-allocating 0 bytes for permanent pool.
LogConfig: Applying CVar settings from Section [/Script/Engine.StreamingSettings] File [C:/Users/plimp/OneDrive/Desktop/InfiniteMatrixStarter/Saved/Config/Windows/Engine.ini]
LogConfig: Setting CVar [[s.MinBulkDataSizeForAsyncLoading:131072]]
LogConfig: Setting CVar [[s.AsyncLoadingThreadEnabled:0]]
LogConfig: Setting CVar [[s.EventDrivenLoaderEnabled:1]]
LogConfig: Setting CVar [[s.WarnIfTimeLimitExceeded:0]]
LogConfig: Setting CVar [[s.TimeLimitExceededMultiplier:1.5]]
LogConfig: Setting CVar [[s.TimeLimitExceededMinTime:0.005]]
LogConfig: Setting CVar [[s.UseBackgroundLevelStreaming:1]]
LogConfig: Setting CVar [[s.PriorityAsyncLoadingExtraTime:15.0]]
LogConfig: Setting CVar [[s.LevelStreamingActorsUpdateTimeLimit:5.0]]
LogConfig: Setting CVar [[s.PriorityLevelStreamingActorsUpdateExtraTime:5.0]]
LogConfig: Setting CVar [[s.LevelStreamingComponentsRegistrationGranularity:10]]
LogConfig: Setting CVar [[s.UnregisterComponentsTimeLimit:1.0]]
LogConfig: Setting CVar [[s.LevelStreamingComponentsUnregistrationGranularity:5]]
LogConfig: Setting CVar [[s.FlushStreamingOnExit:1]]
LogInit: Object subsystem initialized
LogConfig: Setting CVar [[con.DebugEarlyDefault:1]]
LogConfig: Setting CVar [[r.setres:1280x720]]
[2022.02.13-10.57.12:135][  0]LogConfig: Setting CVar [[r.VSync:0]]
[2022.02.13-10.57.12:135][  0]LogConfig: Setting CVar [[r.RHICmdBypass:0]]
[2022.02.13-10.57.12:135][  0]LogConfig: Applying CVar settings from Section [/Script/Engine.RendererSettings] File [C:/Users/plimp/OneDrive/Desktop/InfiniteMatrixStarter/Saved/Config/Windows/Engine.ini]
[2022.02.13-10.57.12:135][  0]LogConfig: Setting CVar [[r.GPUCrashDebugging:0]]
[2022.02.13-10.57.12:135][  0]LogConfig: Applying CVar settings from Section [/Script/Engine.RendererOverrideSettings] File [C:/Users/plimp/OneDrive/Desktop/InfiniteMatrixStarter/Saved/Config/Windows/Engine.ini]
[2022.02.13-10.57.12:135][  0]LogConfig: Applying CVar settings from Section [/Script/Engine.StreamingSettings] File [C:/Users/plimp/OneDrive/Desktop/InfiniteMatrixStarter/Saved/Config/Windows/Engine.ini]
[2022.02.13-10.57.12:135][  0]LogConfig: Setting CVar [[s.MinBulkDataSizeForAsyncLoading:131072]]
[2022.02.13-10.57.12:135][  0]LogConfig: Setting CVar [[s.AsyncLoadingThreadEnabled:0]]
[2022.02.13-10.57.12:135][  0]LogConfig: Setting CVar [[s.EventDrivenLoaderEnabled:1]]
[2022.02.13-10.57.12:135][  0]LogConfig: Setting CVar [[s.WarnIfTimeLimitExceeded:0]]
[2022.02.13-10.57.12:135][  0]LogConfig: Setting CVar [[s.TimeLimitExceededMultiplier:1.5]]
[2022.02.13-10.57.12:135][  0]LogConfig: Setting CVar [[s.TimeLimitExceededMinTime:0.005]]
[2022.02.13-10.57.12:135][  0]LogConfig: Setting CVar [[s.UseBackgroundLevelStreaming:1]]
[2022.02.13-10.57.12:135][  0]LogConfig: Setting CVar [[s.PriorityAsyncLoadingExtraTime:15.0]]
[2022.02.13-10.57.12:135][  0]LogConfig: Setting CVar [[s.LevelStreamingActorsUpdateTimeLimit:5.0]]
[2022.02.13-10.57.12:135][  0]LogConfig: Setting CVar [[s.PriorityLevelStreamingActorsUpdateExtraTime:5.0]]
[2022.02.13-10.57.12:135][  0]LogConfig: Setting CVar [[s.LevelStreamingComponentsRegistrationGranularity:10]]
[2022.02.13-10.57.12:135][  0]LogConfig: Setting CVar [[s.UnregisterComponentsTimeLimit:1.0]]
[2022.02.13-10.57.12:135][  0]LogConfig: Setting CVar [[s.LevelStreamingComponentsUnregistrationGranularity:5]]
[2022.02.13-10.57.12:135][  0]LogConfig: Setting CVar [[s.FlushStreamingOnExit:1]]
[2022.02.13-10.57.12:135][  0]LogConfig: Applying CVar settings from Section [/Script/Engine.GarbageCollectionSettings] File [C:/Users/plimp/OneDrive/Desktop/InfiniteMatrixStarter/Saved/Config/Windows/Engine.ini]
[2022.02.13-10.57.12:135][  0]LogConfig: Setting CVar [[gc.MaxObjectsNotConsideredByGC:1]]
[2022.02.13-10.57.12:135][  0]LogConfig: Setting CVar [[gc.SizeOfPermanentObjectPool:0]]
[2022.02.13-10.57.12:135][  0]LogConfig: Setting CVar [[gc.FlushStreamingOnGC:0]]
[2022.02.13-10.57.12:135][  0]LogConfig: Setting CVar [[gc.NumRetriesBeforeForcingGC:10]]
[2022.02.13-10.57.12:135][  0]LogConfig: Setting CVar [[gc.AllowParallelGC:1]]
[2022.02.13-10.57.12:135][  0]LogConfig: Setting CVar [[gc.TimeBetweenPurgingPendingKillObjects:61.1]]
[2022.02.13-10.57.12:135][  0]LogConfig: Setting CVar [[gc.MaxObjectsInEditor:25165824]]
[2022.02.13-10.57.12:135][  0]LogConfig: Setting CVar [[gc.IncrementalBeginDestroyEnabled:1]]
[2022.02.13-10.57.12:136][  0]LogConfig: Setting CVar [[gc.CreateGCClusters:1]]
[2022.02.13-10.57.12:136][  0]LogConfig: Setting CVar [[gc.MinGCClusterSize:5]]
[2022.02.13-10.57.12:136][  0]LogConfig: Setting CVar [[gc.ActorClusteringEnabled:0]]
[2022.02.13-10.57.12:136][  0]LogConfig: Setting CVar [[gc.BlueprintClusteringEnabled:0]]
[2022.02.13-10.57.12:136][  0]LogConfig: Setting CVar [[gc.UseDisregardForGCOnDedicatedServers:0]]
[2022.02.13-10.57.12:136][  0]LogConfig: Setting CVar [[gc.MultithreadedDestructionEnabled:1]]
[2022.02.13-10.57.12:136][  0]LogConfig: Applying CVar settings from Section [/Script/Engine.NetworkSettings] File [C:/Users/plimp/OneDrive/Desktop/InfiniteMatrixStarter/Saved/Config/Windows/Engine.ini]
[2022.02.13-10.57.12:136][  0]LogConfig: Applying CVar settings from Section [/Script/UnrealEd.CookerSettings] File [C:/Users/plimp/OneDrive/Desktop/InfiniteMatrixStarter/Saved/Config/Windows/Engine.ini]
[2022.02.13-10.57.12:191][  0]LogConfig: Applying CVar settings from Section [ViewDistanceQuality@3] File [C:/Users/plimp/OneDrive/Desktop/InfiniteMatrixStarter/Saved/Config/Windows/Scalability.ini]
[2022.02.13-10.57.12:191][  0]LogConfig: Setting CVar [[r.SkeletalMeshLODBias:0]]
[2022.02.13-10.57.12:191][  0]LogConfig: Setting CVar [[r.ViewDistanceScale:1.0]]
[2022.02.13-10.57.12:191][  0]LogConfig: Applying CVar settings from Section [AntiAliasingQuality@3] File [C:/Users/plimp/OneDrive/Desktop/InfiniteMatrixStarter/Saved/Config/Windows/Scalability.ini]
[2022.02.13-10.57.12:191][  0]LogConfig: Setting CVar [[r.PostProcessAAQuality:4]]
[2022.02.13-10.57.12:191][  0]LogConfig: Applying CVar settings from Section [ShadowQuality@3] File [C:/Users/plimp/OneDrive/Desktop/InfiniteMatrixStarter/Saved/Config/Windows/Scalability.ini]
[2022.02.13-10.57.12:191][  0]LogConfig: Setting CVar [[r.LightFunctionQuality:1]]
[2022.02.13-10.57.12:191][  0]LogConfig: Setting CVar [[r.ShadowQuality:5]]
[2022.02.13-10.57.12:191][  0]LogConfig: Setting CVar [[r.Shadow.CSM.MaxCascades:10]]
[2022.02.13-10.57.12:191][  0]LogConfig: Setting CVar [[r.Shadow.MaxResolution:2048]]
[2022.02.13-10.57.12:191][  0]LogConfig: Setting CVar [[r.Shadow.MaxCSMResolution:2048]]
[2022.02.13-10.57.12:191][  0]LogConfig: Setting CVar [[r.Shadow.RadiusThreshold:0.01]]
[2022.02.13-10.57.12:191][  0]LogConfig: Setting CVar [[r.Shadow.DistanceScale:1.0]]
[2022.02.13-10.57.12:191][  0]LogConfig: Setting CVar [[r.Shadow.CSM.TransitionScale:1.0]]
[2022.02.13-10.57.12:191][  0]LogConfig: Setting CVar [[r.Shadow.PreShadowResolutionFactor:1.0]]
[2022.02.13-10.57.12:191][  0]LogConfig: Setting CVar [[r.DistanceFieldShadowing:1]]
[2022.02.13-10.57.12:191][  0]LogConfig: Setting CVar [[r.DistanceFieldAO:1]]
[2022.02.13-10.57.12:191][  0]LogConfig: Setting CVar [[r.AOQuality:2]]
[2022.02.13-10.57.12:191][  0]LogConfig: Setting CVar [[r.VolumetricFog:1]]
[2022.02.13-10.57.12:191][  0]LogConfig: Setting CVar [[r.VolumetricFog.GridPixelSize:8]]
[2022.02.13-10.57.12:191][  0]LogConfig: Setting CVar [[r.VolumetricFog.GridSizeZ:128]]
[2022.02.13-10.57.12:191][  0]LogConfig: Setting CVar [[r.VolumetricFog.HistoryMissSupersampleCount:4]]
[2022.02.13-10.57.12:191][  0]LogConfig: Setting CVar [[r.LightMaxDrawDistanceScale:1]]
[2022.02.13-10.57.12:191][  0]LogConfig: Setting CVar [[r.CapsuleShadows:1]]
[2022.02.13-10.57.12:191][  0]LogConfig: Applying CVar settings from Section [PostProcessQuality@3] File [C:/Users/plimp/OneDrive/Desktop/InfiniteMatrixStarter/Saved/Config/Windows/Scalability.ini]
[2022.02.13-10.57.12:191][  0]LogConfig: Setting CVar [[r.MotionBlurQuality:4]]
[2022.02.13-10.57.12:191][  0]LogConfig: Setting CVar [[r.AmbientOcclusionMipLevelFactor:0.4]]
[2022.02.13-10.57.12:191][  0]LogConfig: Setting CVar [[r.AmbientOcclusionMaxQuality:100]]
[2022.02.13-10.57.12:191][  0]LogConfig: Setting CVar [[r.AmbientOcclusionLevels:-1]]
[2022.02.13-10.57.12:192][  0]LogConfig: Setting CVar [[r.AmbientOcclusionRadiusScale:1.0]]
[2022.02.13-10.57.12:192][  0]LogConfig: Setting CVar [[r.DepthOfFieldQuality:2]]
[2022.02.13-10.57.12:192][  0]LogConfig: Setting CVar [[r.RenderTargetPoolMin:400]]
[2022.02.13-10.57.12:192][  0]LogConfig: Setting CVar [[r.LensFlareQuality:2]]
[2022.02.13-10.57.12:192][  0]LogConfig: Setting CVar [[r.SceneColorFringeQuality:1]]
[2022.02.13-10.57.12:192][  0]LogConfig: Setting CVar [[r.EyeAdaptationQuality:2]]
[2022.02.13-10.57.12:192][  0]LogConfig: Setting CVar [[r.BloomQuality:5]]
[2022.02.13-10.57.12:192][  0]LogConfig: Setting CVar [[r.FastBlurThreshold:100]]
[2022.02.13-10.57.12:192][  0]LogConfig: Setting CVar [[r.Upscale.Quality:3]]
[2022.02.13-10.57.12:192][  0]LogConfig: Setting CVar [[r.Tonemapper.GrainQuantization:1]]
[2022.02.13-10.57.12:192][  0]LogConfig: Setting CVar [[r.LightShaftQuality:1]]
[2022.02.13-10.57.12:192][  0]LogConfig: Setting CVar [[r.Filter.SizeScale:1]]
[2022.02.13-10.57.12:192][  0]LogConfig: Setting CVar [[r.Tonemapper.Quality:5]]
[2022.02.13-10.57.12:192][  0]LogConfig: Setting CVar [[r.DOF.Gather.AccumulatorQuality:1        ; higher gathering accumulator quality]]
[2022.02.13-10.57.12:192][  0]LogConfig: Setting CVar [[r.DOF.Gather.PostfilterMethod:1          ; Median3x3 postfilering method]]
[2022.02.13-10.57.12:192][  0]LogConfig: Setting CVar [[r.DOF.Gather.EnableBokehSettings:0       ; no bokeh simulation when gathering]]
[2022.02.13-10.57.12:192][  0]LogConfig: Setting CVar [[r.DOF.Gather.RingCount:4                 ; medium number of samples when gathering]]
[2022.02.13-10.57.12:192][  0]LogConfig: Setting CVar [[r.DOF.Scatter.ForegroundCompositing:1    ; additive foreground scattering]]
[2022.02.13-10.57.12:192][  0]LogConfig: Setting CVar [[r.DOF.Scatter.BackgroundCompositing:2    ; additive background scattering]]
[2022.02.13-10.57.12:192][  0]LogConfig: Setting CVar [[r.DOF.Scatter.EnableBokehSettings:1      ; bokeh simulation when scattering]]
[2022.02.13-10.57.12:192][  0]LogConfig: Setting CVar [[r.DOF.Scatter.MaxSpriteRatio:0.1         ; only a maximum of 10% of scattered bokeh]]
[2022.02.13-10.57.12:192][  0]LogConfig: Setting CVar [[r.DOF.Recombine.Quality:1                ; cheap slight out of focus]]
[2022.02.13-10.57.12:192][  0]LogConfig: Setting CVar [[r.DOF.Recombine.EnableBokehSettings:0    ; no bokeh simulation on slight out of focus]]
[2022.02.13-10.57.12:192][  0]LogConfig: Setting CVar [[r.DOF.TemporalAAQuality:1                ; more stable temporal accumulation]]
[2022.02.13-10.57.12:192][  0]LogConfig: Setting CVar [[r.DOF.Kernel.MaxForegroundRadius:0.025]]
[2022.02.13-10.57.12:192][  0]LogConfig: Setting CVar [[r.DOF.Kernel.MaxBackgroundRadius:0.025]]
[2022.02.13-10.57.12:192][  0]LogConfig: Applying CVar settings from Section [TextureQuality@3] File [C:/Users/plimp/OneDrive/Desktop/InfiniteMatrixStarter/Saved/Config/Windows/Scalability.ini]
[2022.02.13-10.57.12:192][  0]LogConfig: Setting CVar [[r.Streaming.MipBias:0]]
[2022.02.13-10.57.12:192][  0]LogConfig: Setting CVar [[r.Streaming.AmortizeCPUToGPUCopy:0]]
[2022.02.13-10.57.12:192][  0]LogConfig: Setting CVar [[r.Streaming.MaxNumTexturesToStreamPerFrame:0]]
[2022.02.13-10.57.12:192][  0]LogConfig: Setting CVar [[r.Streaming.Boost:1]]
[2022.02.13-10.57.12:192][  0]LogConfig: Setting CVar [[r.MaxAnisotropy:8]]
[2022.02.13-10.57.12:192][  0]LogConfig: Setting CVar [[r.VT.MaxAnisotropy:8]]
[2022.02.13-10.57.12:192][  0]LogConfig: Setting CVar [[r.Streaming.LimitPoolSizeToVRAM:0]]
[2022.02.13-10.57.12:192][  0]LogConfig: Setting CVar [[r.Streaming.PoolSize:1000]]
[2022.02.13-10.57.12:192][  0]LogConfig: Setting CVar [[r.Streaming.MaxEffectiveScreenSize:0]]
[2022.02.13-10.57.12:192][  0]LogConfig: Applying CVar settings from Section [EffectsQuality@3] File [C:/Users/plimp/OneDrive/Desktop/InfiniteMatrixStarter/Saved/Config/Windows/Scalability.ini]
[2022.02.13-10.57.12:192][  0]LogConfig: Setting CVar [[r.TranslucencyLightingVolumeDim:64]]
[2022.02.13-10.57.12:192][  0]LogConfig: Setting CVar [[r.RefractionQuality:2]]
[2022.02.13-10.57.12:192][  0]LogConfig: Setting CVar [[r.SSR.Quality:3]]
[2022.02.13-10.57.12:192][  0]LogConfig: Setting CVar [[r.SSR.HalfResSceneColor:0]]
[2022.02.13-10.57.12:192][  0]LogConfig: Setting CVar [[r.SceneColorFormat:4]]
[2022.02.13-10.57.12:192][  0]LogConfig: Setting CVar [[r.DetailMode:2]]
[2022.02.13-10.57.12:192][  0]LogConfig: Setting CVar [[r.TranslucencyVolumeBlur:1]]
[2022.02.13-10.57.12:192][  0]LogConfig: Setting CVar [[r.MaterialQualityLevel:1 ; High quality]]
[2022.02.13-10.57.12:192][  0]LogConfig: Setting CVar [[r.AnisotropicMaterials:1]]
[2022.02.13-10.57.12:193][  0]LogConfig: Setting CVar [[r.SSS.Scale:1]]
[2022.02.13-10.57.12:193][  0]LogConfig: Setting CVar [[r.SSS.SampleSet:2]]
[2022.02.13-10.57.12:193][  0]LogConfig: Setting CVar [[r.SSS.Quality:1]]
[2022.02.13-10.57.12:193][  0]LogConfig: Setting CVar [[r.SSS.HalfRes:0]]
[2022.02.13-10.57.12:193][  0]LogConfig: Setting CVar [[r.SSGI.Quality:3]]
[2022.02.13-10.57.12:193][  0]LogConfig: Setting CVar [[r.EmitterSpawnRateScale:1.0]]
[2022.02.13-10.57.12:193][  0]LogConfig: Setting CVar [[r.ParticleLightQuality:2]]
[2022.02.13-10.57.12:193][  0]LogConfig: Setting CVar [[r.SkyAtmosphere.AerialPerspectiveLUT.FastApplyOnOpaque:1 ; Always have FastSkyLUT 1 in this case to avoid wrong sky]]
[2022.02.13-10.57.12:193][  0]LogConfig: Setting CVar [[r.SkyAtmosphere.AerialPerspectiveLUT.SampleCountMaxPerSlice:4]]
[2022.02.13-10.57.12:193][  0]LogConfig: Setting CVar [[r.SkyAtmosphere.AerialPerspectiveLUT.DepthResolution:16.0]]
[2022.02.13-10.57.12:193][  0]LogConfig: Setting CVar [[r.SkyAtmosphere.FastSkyLUT:1]]
[2022.02.13-10.57.12:193][  0]LogConfig: Setting CVar [[r.SkyAtmosphere.FastSkyLUT.SampleCountMin:4.0]]
[2022.02.13-10.57.12:193][  0]LogConfig: Setting CVar [[r.SkyAtmosphere.FastSkyLUT.SampleCountMax:128.0]]
[2022.02.13-10.57.12:193][  0]LogConfig: Setting CVar [[r.SkyAtmosphere.SampleCountMin:4.0]]
[2022.02.13-10.57.12:193][  0]LogConfig: Setting CVar [[r.SkyAtmosphere.SampleCountMax:128.0]]
[2022.02.13-10.57.12:193][  0]LogConfig: Setting CVar [[r.SkyAtmosphere.TransmittanceLUT.UseSmallFormat:0]]
[2022.02.13-10.57.12:193][  0]LogConfig: Setting CVar [[r.SkyAtmosphere.TransmittanceLUT.SampleCount:10.0]]
[2022.02.13-10.57.12:193][  0]LogConfig: Setting CVar [[r.SkyAtmosphere.MultiScatteringLUT.SampleCount:15.0]]
[2022.02.13-10.57.12:193][  0]LogConfig: Setting CVar [[r.SkyLight.RealTimeReflectionCapture:1]]
[2022.02.13-10.57.12:193][  0]LogConfig: Applying CVar settings from Section [FoliageQuality@3] File [C:/Users/plimp/OneDrive/Desktop/InfiniteMatrixStarter/Saved/Config/Windows/Scalability.ini]
[2022.02.13-10.57.12:193][  0]LogConfig: Setting CVar [[foliage.DensityScale:1.0]]
[2022.02.13-10.57.12:193][  0]LogConfig: Setting CVar [[grass.DensityScale:1.0]]
[2022.02.13-10.57.12:193][  0]LogConfig: Applying CVar settings from Section [ShadingQuality@3] File [C:/Users/plimp/OneDrive/Desktop/InfiniteMatrixStarter/Saved/Config/Windows/Scalability.ini]
[2022.02.13-10.57.12:193][  0]LogConfig: Setting CVar [[r.HairStrands.SkyLighting.IntegrationType:2]]
[2022.02.13-10.57.12:193][  0]LogConfig: Setting CVar [[r.HairStrands.SkyAO.SampleCount:4]]
[2022.02.13-10.57.12:193][  0]LogConfig: Setting CVar [[r.HairStrands.Visibility.MSAA.SamplePerPixel:4]]
[2022.02.13-10.57.12:193][  0]LogInit: Selected Device Profile: [Windows]
[2022.02.13-10.57.12:193][  0]LogInit: Applying CVar settings loaded from the selected device profile: [Windows]
[2022.02.13-10.57.12:193][  0]LogHAL: Display: Platform has ~ 16 GB [17073315840 / 17179869184 / 16], which maps to Larger [LargestMinGB=32, LargerMinGB=12, DefaultMinGB=8, SmallerMinGB=6, SmallestMinGB=0)
[2022.02.13-10.57.12:193][  0]LogInit: Going up to parent DeviceProfile []
[2022.02.13-10.57.12:193][  0]LogConfig: Applying CVar settings from Section [ViewDistanceQuality@3] File [C:/Users/plimp/OneDrive/Desktop/InfiniteMatrixStarter/Saved/Config/Windows/Scalability.ini]
[2022.02.13-10.57.12:193][  0]LogConfig: Setting CVar [[r.SkeletalMeshLODBias:0]]
[2022.02.13-10.57.12:193][  0]LogConfig: Setting CVar [[r.ViewDistanceScale:1.0]]
[2022.02.13-10.57.12:193][  0]LogConfig: Applying CVar settings from Section [AntiAliasingQuality@3] File [C:/Users/plimp/OneDrive/Desktop/InfiniteMatrixStarter/Saved/Config/Windows/Scalability.ini]
[2022.02.13-10.57.12:193][  0]LogConfig: Setting CVar [[r.PostProcessAAQuality:4]]
[2022.02.13-10.57.12:193][  0]LogConfig: Applying CVar settings from Section [ShadowQuality@3] File [C:/Users/plimp/OneDrive/Desktop/InfiniteMatrixStarter/Saved/Config/Windows/Scalability.ini]
[2022.02.13-10.57.12:194][  0]LogConfig: Setting CVar [[r.LightFunctionQuality:1]]
[2022.02.13-10.57.12:194][  0]LogConfig: Setting CVar [[r.ShadowQuality:5]]
[2022.02.13-10.57.12:194][  0]LogConfig: Setting CVar [[r.Shadow.CSM.MaxCascades:10]]
[2022.02.13-10.57.12:194][  0]LogConfig: Setting CVar [[r.Shadow.MaxResolution:2048]]
[2022.02.13-10.57.12:194][  0]LogConfig: Setting CVar [[r.Shadow.MaxCSMResolution:2048]]
[2022.02.13-10.57.12:194][  0]LogConfig: Setting CVar [[r.Shadow.RadiusThreshold:0.01]]
[2022.02.13-10.57.12:194][  0]LogConfig: Setting CVar [[r.Shadow.DistanceScale:1.0]]
[2022.02.13-10.57.12:194][  0]LogConfig: Setting CVar [[r.Shadow.CSM.TransitionScale:1.0]]
[2022.02.13-10.57.12:194][  0]LogConfig: Setting CVar [[r.Shadow.PreShadowResolutionFactor:1.0]]
[2022.02.13-10.57.12:194][  0]LogConfig: Setting CVar [[r.DistanceFieldShadowing:1]]
[2022.02.13-10.57.12:194][  0]LogConfig: Setting CVar [[r.DistanceFieldAO:1]]
[2022.02.13-10.57.12:194][  0]LogConfig: Setting CVar [[r.AOQuality:2]]
[2022.02.13-10.57.12:194][  0]LogConfig: Setting CVar [[r.VolumetricFog:1]]
[2022.02.13-10.57.12:194][  0]LogConfig: Setting CVar [[r.VolumetricFog.GridPixelSize:8]]
[2022.02.13-10.57.12:194][  0]LogConfig: Setting CVar [[r.VolumetricFog.GridSizeZ:128]]
[2022.02.13-10.57.12:194][  0]LogConfig: Setting CVar [[r.VolumetricFog.HistoryMissSupersampleCount:4]]
[2022.02.13-10.57.12:194][  0]LogConfig: Setting CVar [[r.LightMaxDrawDistanceScale:1]]
[2022.02.13-10.57.12:194][  0]LogConfig: Setting CVar [[r.CapsuleShadows:1]]
[2022.02.13-10.57.12:194][  0]LogConfig: Applying CVar settings from Section [PostProcessQuality@3] File [C:/Users/plimp/OneDrive/Desktop/InfiniteMatrixStarter/Saved/Config/Windows/Scalability.ini]
[2022.02.13-10.57.12:194][  0]LogConfig: Setting CVar [[r.MotionBlurQuality:4]]
[2022.02.13-10.57.12:194][  0]LogConfig: Setting CVar [[r.AmbientOcclusionMipLevelFactor:0.4]]
[2022.02.13-10.57.12:194][  0]LogConfig: Setting CVar [[r.AmbientOcclusionMaxQuality:100]]
[2022.02.13-10.57.12:194][  0]LogConfig: Setting CVar [[r.AmbientOcclusionLevels:-1]]
[2022.02.13-10.57.12:194][  0]LogConfig: Setting CVar [[r.AmbientOcclusionRadiusScale:1.0]]
[2022.02.13-10.57.12:194][  0]LogConfig: Setting CVar [[r.DepthOfFieldQuality:2]]
[2022.02.13-10.57.12:194][  0]LogConfig: Setting CVar [[r.RenderTargetPoolMin:400]]
[2022.02.13-10.57.12:194][  0]LogConfig: Setting CVar [[r.LensFlareQuality:2]]
[2022.02.13-10.57.12:194][  0]LogConfig: Setting CVar [[r.SceneColorFringeQuality:1]]
[2022.02.13-10.57.12:194][  0]LogConfig: Setting CVar [[r.EyeAdaptationQuality:2]]
[2022.02.13-10.57.12:194][  0]LogConfig: Setting CVar [[r.BloomQuality:5]]
[2022.02.13-10.57.12:194][  0]LogConfig: Setting CVar [[r.FastBlurThreshold:100]]
[2022.02.13-10.57.12:194][  0]LogConfig: Setting CVar [[r.Upscale.Quality:3]]
[2022.02.13-10.57.12:194][  0]LogConfig: Setting CVar [[r.Tonemapper.GrainQuantization:1]]
[2022.02.13-10.57.12:194][  0]LogConfig: Setting CVar [[r.LightShaftQuality:1]]
[2022.02.13-10.57.12:194][  0]LogConfig: Setting CVar [[r.Filter.SizeScale:1]]
[2022.02.13-10.57.12:194][  0]LogConfig: Setting CVar [[r.Tonemapper.Quality:5]]
[2022.02.13-10.57.12:194][  0]LogConfig: Setting CVar [[r.DOF.Gather.AccumulatorQuality:1        ; higher gathering accumulator quality]]
[2022.02.13-10.57.12:194][  0]LogConfig: Setting CVar [[r.DOF.Gather.PostfilterMethod:1          ; Median3x3 postfilering method]]
[2022.02.13-10.57.12:194][  0]LogConfig: Setting CVar [[r.DOF.Gather.EnableBokehSettings:0       ; no bokeh simulation when gathering]]
[2022.02.13-10.57.12:194][  0]LogConfig: Setting CVar [[r.DOF.Gather.RingCount:4                 ; medium number of samples when gathering]]
[2022.02.13-10.57.12:194][  0]LogConfig: Setting CVar [[r.DOF.Scatter.ForegroundCompositing:1    ; additive foreground scattering]]
[2022.02.13-10.57.12:194][  0]LogConfig: Setting CVar [[r.DOF.Scatter.BackgroundCompositing:2    ; additive background scattering]]
[2022.02.13-10.57.12:194][  0]LogConfig: Setting CVar [[r.DOF.Scatter.EnableBokehSettings:1      ; bokeh simulation when scattering]]
[2022.02.13-10.57.12:194][  0]LogConfig: Setting CVar [[r.DOF.Scatter.MaxSpriteRatio:0.1         ; only a maximum of 10% of scattered bokeh]]
[2022.02.13-10.57.12:195][  0]LogConfig: Setting CVar [[r.DOF.Recombine.Quality:1                ; cheap slight out of focus]]
[2022.02.13-10.57.12:195][  0]LogConfig: Setting CVar [[r.DOF.Recombine.EnableBokehSettings:0    ; no bokeh simulation on slight out of focus]]
[2022.02.13-10.57.12:195][  0]LogConfig: Setting CVar [[r.DOF.TemporalAAQuality:1                ; more stable temporal accumulation]]
[2022.02.13-10.57.12:195][  0]LogConfig: Setting CVar [[r.DOF.Kernel.MaxForegroundRadius:0.025]]
[2022.02.13-10.57.12:195][  0]LogConfig: Setting CVar [[r.DOF.Kernel.MaxBackgroundRadius:0.025]]
[2022.02.13-10.57.12:195][  0]LogConfig: Applying CVar settings from Section [TextureQuality@3] File [C:/Users/plimp/OneDrive/Desktop/InfiniteMatrixStarter/Saved/Config/Windows/Scalability.ini]
[2022.02.13-10.57.12:195][  0]LogConfig: Setting CVar [[r.Streaming.MipBias:0]]
[2022.02.13-10.57.12:195][  0]LogConfig: Setting CVar [[r.Streaming.AmortizeCPUToGPUCopy:0]]
[2022.02.13-10.57.12:195][  0]LogConfig: Setting CVar [[r.Streaming.MaxNumTexturesToStreamPerFrame:0]]
[2022.02.13-10.57.12:195][  0]LogConfig: Setting CVar [[r.Streaming.Boost:1]]
[2022.02.13-10.57.12:195][  0]LogConfig: Setting CVar [[r.MaxAnisotropy:8]]
[2022.02.13-10.57.12:195][  0]LogConfig: Setting CVar [[r.VT.MaxAnisotropy:8]]
[2022.02.13-10.57.12:195][  0]LogConfig: Setting CVar [[r.Streaming.LimitPoolSizeToVRAM:0]]
[2022.02.13-10.57.12:195][  0]LogConfig: Setting CVar [[r.Streaming.PoolSize:1000]]
[2022.02.13-10.57.12:195][  0]LogConfig: Setting CVar [[r.Streaming.MaxEffectiveScreenSize:0]]
[2022.02.13-10.57.12:195][  0]LogConfig: Applying CVar settings from Section [EffectsQuality@3] File [C:/Users/plimp/OneDrive/Desktop/InfiniteMatrixStarter/Saved/Config/Windows/Scalability.ini]
[2022.02.13-10.57.12:195][  0]LogConfig: Setting CVar [[r.TranslucencyLightingVolumeDim:64]]
[2022.02.13-10.57.12:195][  0]LogConfig: Setting CVar [[r.RefractionQuality:2]]
[2022.02.13-10.57.12:195][  0]LogConfig: Setting CVar [[r.SSR.Quality:3]]
[2022.02.13-10.57.12:195][  0]LogConfig: Setting CVar [[r.SSR.HalfResSceneColor:0]]
[2022.02.13-10.57.12:195][  0]LogConfig: Setting CVar [[r.SceneColorFormat:4]]
[2022.02.13-10.57.12:195][  0]LogConfig: Setting CVar [[r.DetailMode:2]]
[2022.02.13-10.57.12:195][  0]LogConfig: Setting CVar [[r.TranslucencyVolumeBlur:1]]
[2022.02.13-10.57.12:195][  0]LogConfig: Setting CVar [[r.MaterialQualityLevel:1 ; High quality]]
[2022.02.13-10.57.12:195][  0]LogConfig: Setting CVar [[r.AnisotropicMaterials:1]]
[2022.02.13-10.57.12:195][  0]LogConfig: Setting CVar [[r.SSS.Scale:1]]
[2022.02.13-10.57.12:195][  0]LogConfig: Setting CVar [[r.SSS.SampleSet:2]]
[2022.02.13-10.57.12:195][  0]LogConfig: Setting CVar [[r.SSS.Quality:1]]
[2022.02.13-10.57.12:195][  0]LogConfig: Setting CVar [[r.SSS.HalfRes:0]]
[2022.02.13-10.57.12:195][  0]LogConfig: Setting CVar [[r.SSGI.Quality:3]]
[2022.02.13-10.57.12:195][  0]LogConfig: Setting CVar [[r.EmitterSpawnRateScale:1.0]]
[2022.02.13-10.57.12:195][  0]LogConfig: Setting CVar [[r.ParticleLightQuality:2]]
[2022.02.13-10.57.12:195][  0]LogConfig: Setting CVar [[r.SkyAtmosphere.AerialPerspectiveLUT.FastApplyOnOpaque:1 ; Always have FastSkyLUT 1 in this case to avoid wrong sky]]
[2022.02.13-10.57.12:195][  0]LogConfig: Setting CVar [[r.SkyAtmosphere.AerialPerspectiveLUT.SampleCountMaxPerSlice:4]]
[2022.02.13-10.57.12:195][  0]LogConfig: Setting CVar [[r.SkyAtmosphere.AerialPerspectiveLUT.DepthResolution:16.0]]
[2022.02.13-10.57.12:195][  0]LogConfig: Setting CVar [[r.SkyAtmosphere.FastSkyLUT:1]]
[2022.02.13-10.57.12:195][  0]LogConfig: Setting CVar [[r.SkyAtmosphere.FastSkyLUT.SampleCountMin:4.0]]
[2022.02.13-10.57.12:195][  0]LogConfig: Setting CVar [[r.SkyAtmosphere.FastSkyLUT.SampleCountMax:128.0]]
[2022.02.13-10.57.12:195][  0]LogConfig: Setting CVar [[r.SkyAtmosphere.SampleCountMin:4.0]]
[2022.02.13-10.57.12:195][  0]LogConfig: Setting CVar [[r.SkyAtmosphere.SampleCountMax:128.0]]
[2022.02.13-10.57.12:195][  0]LogConfig: Setting CVar [[r.SkyAtmosphere.TransmittanceLUT.UseSmallFormat:0]]
[2022.02.13-10.57.12:195][  0]LogConfig: Setting CVar [[r.SkyAtmosphere.TransmittanceLUT.SampleCount:10.0]]
[2022.02.13-10.57.12:195][  0]LogConfig: Setting CVar [[r.SkyAtmosphere.MultiScatteringLUT.SampleCount:15.0]]
[2022.02.13-10.57.12:196][  0]LogConfig: Setting CVar [[r.SkyLight.RealTimeReflectionCapture:1]]
[2022.02.13-10.57.12:196][  0]LogConfig: Applying CVar settings from Section [FoliageQuality@3] File [C:/Users/plimp/OneDrive/Desktop/InfiniteMatrixStarter/Saved/Config/Windows/Scalability.ini]
[2022.02.13-10.57.12:196][  0]LogConfig: Setting CVar [[foliage.DensityScale:1.0]]
[2022.02.13-10.57.12:196][  0]LogConfig: Setting CVar [[grass.DensityScale:1.0]]
[2022.02.13-10.57.12:196][  0]LogConfig: Applying CVar settings from Section [ShadingQuality@3] File [C:/Users/plimp/OneDrive/Desktop/InfiniteMatrixStarter/Saved/Config/Windows/Scalability.ini]
[2022.02.13-10.57.12:196][  0]LogConfig: Setting CVar [[r.HairStrands.SkyLighting.IntegrationType:2]]
[2022.02.13-10.57.12:196][  0]LogConfig: Setting CVar [[r.HairStrands.SkyAO.SampleCount:4]]
[2022.02.13-10.57.12:196][  0]LogConfig: Setting CVar [[r.HairStrands.Visibility.MSAA.SamplePerPixel:4]]
[2022.02.13-10.57.12:196][  0]LogConfig: Applying CVar settings from Section [Startup] File [../../../Engine/Config/ConsoleVariables.ini]
[2022.02.13-10.57.12:196][  0]LogConfig: Setting CVar [[net.UseAdaptiveNetUpdateFrequency:0]]
[2022.02.13-10.57.12:196][  0]LogConfig: Setting CVar [[p.chaos.AllowCreatePhysxBodies:1]]
[2022.02.13-10.57.12:196][  0]LogConfig: Setting CVar [[fx.SkipVectorVMBackendOptimizations:1]]
[2022.02.13-10.57.12:196][  0]LogConfig: Applying CVar settings from Section [ConsoleVariables] File [C:/Users/plimp/OneDrive/Desktop/InfiniteMatrixStarter/Saved/Config/Windows/Engine.ini]
[2022.02.13-10.57.12:196][  0]LogConfig: Applying CVar settings from Section [ConsoleVariables] File [C:/Users/plimp/OneDrive/Desktop/InfiniteMatrixStarter/Saved/Config/Windows/Editor.ini]
[2022.02.13-10.57.12:196][  0]LogInit: Computer: DESKTOP-QLI0PFO
[2022.02.13-10.57.12:196][  0]LogInit: User: plimp
[2022.02.13-10.57.12:198][  0]LogInit: CPU Page size=4096, Cores=6
[2022.02.13-10.57.12:198][  0]LogInit: High frequency timer resolution =10.000000 MHz
[2022.02.13-10.57.12:198][  0]LogMemory: Memory total: Physical=15.9GB (16GB approx)
[2022.02.13-10.57.12:198][  0]LogMemory: Platform Memory Stats for Windows
[2022.02.13-10.57.12:198][  0]LogMemory: Process Physical Memory: 145.83 MB used, 145.83 MB peak
[2022.02.13-10.57.12:198][  0]LogMemory: Process Virtual Memory: 129.67 MB used, 129.67 MB peak
[2022.02.13-10.57.12:198][  0]LogMemory: Physical Memory: 11115.96 MB used,  5166.43 MB free, 16282.38 MB total
[2022.02.13-10.57.12:198][  0]LogMemory: Virtual Memory: 134198056.00 MB used,  19669.61 MB free, 134217728.00 MB total
[2022.02.13-10.57.12:204][  0]LogWindows: WindowsPlatformFeatures enabled
[2022.02.13-10.57.12:265][  0]LogInit: Physics initialised using underlying interface: PhysX
[2022.02.13-10.57.12:266][  0]LogInit: Using OS detected language (en-US).
[2022.02.13-10.57.12:266][  0]LogInit: Using OS detected locale (en-US).
[2022.02.13-10.57.12:272][  0]LogTextLocalizationManager: No specific localization for 'en-US' exists, so the 'en' localization will be used.
[2022.02.13-10.57.12:554][  0]LogInit: Setting process to per monitor DPI aware
[2022.02.13-10.57.12:572][  0]LogWindowsTextInputMethodSystem: Display: IME system deactivated.
[2022.02.13-10.57.12:593][  0]LogSlate: New Slate User Created.  User Index 0, Is Virtual User: 0
[2022.02.13-10.57.12:593][  0]LogSlate: Slate User Registered.  User Index 0, Is Virtual User: 0
[2022.02.13-10.57.12:765][  0]LogD3D11RHI: Loaded GFSDK_Aftermath_Lib.x64.dll
[2022.02.13-10.57.12:772][  0]LogHMD: Failed to initialize OpenVR with code 110
[2022.02.13-10.57.12:772][  0]LogD3D11RHI: D3D11 min allowed feature level: 11_0
[2022.02.13-10.57.12:772][  0]LogD3D11RHI: D3D11 max allowed feature level: 11_0
[2022.02.13-10.57.12:772][  0]LogD3D11RHI: D3D11 adapters:
[2022.02.13-10.57.12:900][  0]LogD3D11RHI:    0. 'NVIDIA GeForce RTX 2070 with Max-Q Design' (Feature Level 11_0)
[2022.02.13-10.57.12:900][  0]LogD3D11RHI:       8031/0/8141 MB DedicatedVideo/DedicatedSystem/SharedSystem, Outputs:2, VendorId:0x10de
[2022.02.13-10.57.12:950][  0]LogD3D11RHI:    1. 'Intel(R) UHD Graphics 630' (Feature Level 11_0)
[2022.02.13-10.57.12:951][  0]LogD3D11RHI:       128/0/8141 MB DedicatedVideo/DedicatedSystem/SharedSystem, Outputs:1, VendorId:0x8086
[2022.02.13-10.57.12:955][  0]LogD3D11RHI:    2. 'Microsoft Basic Render Driver' (Feature Level 11_0)
[2022.02.13-10.57.12:955][  0]LogD3D11RHI:       0/0/8141 MB DedicatedVideo/DedicatedSystem/SharedSystem, Outputs:0, VendorId:0x1414
[2022.02.13-10.57.12:993][  0]LogD3D11RHI:    3. 'Intel(R) UHD Graphics 630' (Feature Level 11_0)
[2022.02.13-10.57.12:993][  0]LogD3D11RHI:       128/0/8141 MB DedicatedVideo/DedicatedSystem/SharedSystem, Outputs:0, VendorId:0x8086
[2022.02.13-10.57.12:993][  0]LogD3D11RHI: Chosen D3D11 Adapter:
[2022.02.13-10.57.12:993][  0]LogD3D11RHI:     Description : NVIDIA GeForce RTX 2070 with Max-Q Design
[2022.02.13-10.57.12:993][  0]LogD3D11RHI:     VendorId    : 10de
[2022.02.13-10.57.12:993][  0]LogD3D11RHI:     DeviceId    : 1f10
[2022.02.13-10.57.12:993][  0]LogD3D11RHI:     SubSysId    : 20051a58
[2022.02.13-10.57.12:993][  0]LogD3D11RHI:     Revision    : 00a1
[2022.02.13-10.57.12:993][  0]LogD3D11RHI:     DedicatedVideoMemory : 8421113856 bytes
[2022.02.13-10.57.12:993][  0]LogD3D11RHI:     DedicatedSystemMemory : 0 bytes
[2022.02.13-10.57.12:993][  0]LogD3D11RHI:     SharedSystemMemory : 8536657920 bytes
[2022.02.13-10.57.12:993][  0]LogD3D11RHI:     AdapterLuid : 0 71389
[2022.02.13-10.57.13:004][  0]LogD3D11RHI: Creating new Direct3DDevice
[2022.02.13-10.57.13:004][  0]LogD3D11RHI:     GPU DeviceId: 0x1f10 (for the marketing name, search the web for "GPU Device Id")
[2022.02.13-10.57.13:004][  0]LogWindows: EnumDisplayDevices:
[2022.02.13-10.57.13:004][  0]LogWindows:    0. 'Intel(R) UHD Graphics 630' (P:0 D:1)
[2022.02.13-10.57.13:004][  0]LogWindows:    1. 'Intel(R) UHD Graphics 630' (P:0 D:0)
[2022.02.13-10.57.13:005][  0]LogWindows:    2. 'Intel(R) UHD Graphics 630' (P:0 D:0)
[2022.02.13-10.57.13:005][  0]LogWindows:    3. 'NVIDIA GeForce RTX 2070 with Max-Q Design' (P:1 D:1)
[2022.02.13-10.57.13:006][  0]LogWindows:    4. 'NVIDIA GeForce RTX 2070 with Max-Q Design' (P:0 D:1)
[2022.02.13-10.57.13:006][  0]LogWindows:    5. 'NVIDIA GeForce RTX 2070 with Max-Q Design' (P:0 D:0)
[2022.02.13-10.57.13:006][  0]LogWindows:    6. 'NVIDIA GeForce RTX 2070 with Max-Q Design' (P:0 D:0)
[2022.02.13-10.57.13:007][  0]LogWindows:    7. 'Citrix Indirect Display Adapter' (P:0 D:0)
[2022.02.13-10.57.13:007][  0]LogWindows:    8. 'Citrix Indirect Display Adapter' (P:0 D:0)
[2022.02.13-10.57.13:007][  0]LogWindows:    9. 'Citrix Indirect Display Adapter' (P:0 D:0)
[2022.02.13-10.57.13:008][  0]LogWindows:    10. 'Citrix Indirect Display Adapter' (P:0 D:0)
[2022.02.13-10.57.13:008][  0]LogWindows:    11. 'Citrix Indirect Display Adapter' (P:0 D:0)
[2022.02.13-10.57.13:008][  0]LogWindows:    12. 'Citrix Indirect Display Adapter' (P:0 D:0)
[2022.02.13-10.57.13:009][  0]LogWindows:    13. 'Citrix Indirect Display Adapter' (P:0 D:0)
[2022.02.13-10.57.13:009][  0]LogWindows:    14. 'Citrix Indirect Display Adapter' (P:0 D:0)
[2022.02.13-10.57.13:009][  0]LogWindows: DebugString: PrimaryIsNotTheChoosenAdapter PrimaryIsNotTheChoosenAdapter PrimaryIsNotTheChoosenAdapter GetVideoDriverDetailsInvalid PrimaryIsNotTheChoosenAdapter GetVideoDriverDetailsInvalid PrimaryIsNotTheChoosenAdapter GetVideoDriverDetailsInvalid PrimaryIsNotTheChoosenAdapter GetVideoDriverDetailsInvalid PrimaryIsNotTheChoosenAdapter GetVideoDriverDetailsInvalid PrimaryIsNotTheChoosenAdapter GetVideoDriverDetailsInvalid PrimaryIsNotTheChoosenAdapter GetVideoDriverDetailsInvalid PrimaryIsNotTheChoosenAdapter GetVideoDriverDetailsInvalid PrimaryIsNotTheChoosenAdapter FoundDriverCount:4 
[2022.02.13-10.57.13:009][  0]LogD3D11RHI:     Adapter Name: NVIDIA GeForce RTX 2070 with Max-Q Design
[2022.02.13-10.57.13:009][  0]LogD3D11RHI:   Driver Version: 511.23 (internal:30.0.15.1123, unified:511.23)
[2022.02.13-10.57.13:009][  0]LogD3D11RHI:      Driver Date: 1-10-2022
[2022.02.13-10.57.13:009][  0]LogRHI: Texture pool is 5621 MB (70% of 8031 MB)
[2022.02.13-10.57.13:009][  0]LogD3D11RHI: Creating D3DDevice using adapter:
[2022.02.13-10.57.13:009][  0]LogD3D11RHI:     Description : NVIDIA GeForce RTX 2070 with Max-Q Design
[2022.02.13-10.57.13:009][  0]LogD3D11RHI:     VendorId    : 10de
[2022.02.13-10.57.13:010][  0]LogD3D11RHI:     DeviceId    : 1f10
[2022.02.13-10.57.13:010][  0]LogD3D11RHI:     SubSysId    : 20051a58
[2022.02.13-10.57.13:010][  0]LogD3D11RHI:     Revision    : 00a1
[2022.02.13-10.57.13:010][  0]LogD3D11RHI:     DedicatedVideoMemory : 8421113856 bytes
[2022.02.13-10.57.13:010][  0]LogD3D11RHI:     DedicatedSystemMemory : 0 bytes
[2022.02.13-10.57.13:010][  0]LogD3D11RHI:     SharedSystemMemory : 8536657920 bytes
[2022.02.13-10.57.13:010][  0]LogD3D11RHI:     AdapterLuid : 0 71389
[2022.02.13-10.57.13:096][  0]LogD3D11RHI: RHI has support for 64 bit atomics
[2022.02.13-10.57.13:096][  0]LogD3D11RHI: Async texture creation enabled
[2022.02.13-10.57.13:096][  0]LogD3D11RHI: Array index from any shader is supported
[2022.02.13-10.57.13:166][  0]LogD3D11RHI: GPU Timing Frequency: 1000.000000 (Debug: 2 1)
[2022.02.13-10.57.13:246][  0]LogRHI: GeForceNow SDK initialized: 1
[2022.02.13-10.57.13:709][  0]LogTargetPlatformManager: Display: Loaded TargetPlatform 'AllDesktop'
[2022.02.13-10.57.13:733][  0]LogTargetPlatformManager: Display: Loaded TargetPlatform 'Android'
[2022.02.13-10.57.13:733][  0]LogTargetPlatformManager: Display: Loaded TargetPlatform 'Android_ASTC'
[2022.02.13-10.57.13:733][  0]LogTargetPlatformManager: Display: Loaded TargetPlatform 'Android_DXT'
[2022.02.13-10.57.13:733][  0]LogTargetPlatformManager: Display: Loaded TargetPlatform 'Android_ETC2'
[2022.02.13-10.57.13:733][  0]LogTargetPlatformManager: Display: Loaded TargetPlatform 'AndroidClient'
[2022.02.13-10.57.13:733][  0]LogTargetPlatformManager: Display: Loaded TargetPlatform 'Android_ASTCClient'
[2022.02.13-10.57.13:733][  0]LogTargetPlatformManager: Display: Loaded TargetPlatform 'Android_DXTClient'
[2022.02.13-10.57.13:733][  0]LogTargetPlatformManager: Display: Loaded TargetPlatform 'Android_ETC2Client'
[2022.02.13-10.57.13:733][  0]LogTargetPlatformManager: Display: Loaded TargetPlatform 'Android_Multi'
[2022.02.13-10.57.13:733][  0]LogTargetPlatformManager: Display: Loaded TargetPlatform 'Android_MultiClient'
[2022.02.13-10.57.13:754][  0]LogTargetPlatformManager: Display: Loaded TargetPlatform 'IOSClient'
[2022.02.13-10.57.13:754][  0]LogTargetPlatformManager: Display: Loaded TargetPlatform 'IOS'
[2022.02.13-10.57.13:769][  0]LogTargetPlatformManager: Display: Loaded TargetPlatform 'Linux'
[2022.02.13-10.57.13:774][  0]LogTargetPlatformManager: Display: Loaded TargetPlatform 'LinuxNoEditor'
[2022.02.13-10.57.13:780][  0]LogTargetPlatformManager: Display: Loaded TargetPlatform 'LinuxClient'
[2022.02.13-10.57.13:785][  0]LogTargetPlatformManager: Display: Loaded TargetPlatform 'LinuxServer'
[2022.02.13-10.57.13:796][  0]LogTargetPlatformManager: Display: Loaded TargetPlatform 'LinuxAArch64NoEditor'
[2022.02.13-10.57.13:801][  0]LogTargetPlatformManager: Display: Loaded TargetPlatform 'LinuxAArch64Client'
[2022.02.13-10.57.13:806][  0]LogTargetPlatformManager: Display: Loaded TargetPlatform 'LinuxAArch64Server'
[2022.02.13-10.57.13:831][  0]LogTargetPlatformManager: Display: Loaded TargetPlatform 'Lumin'
[2022.02.13-10.57.13:831][  0]LogTargetPlatformManager: Display: Loaded TargetPlatform 'LuminClient'
[2022.02.13-10.57.13:840][  0]LogTargetPlatformManager: Display: Loaded TargetPlatform 'MacNoEditor'
[2022.02.13-10.57.13:846][  0]LogTargetPlatformManager: Display: Loaded TargetPlatform 'Mac'
[2022.02.13-10.57.13:851][  0]LogTargetPlatformManager: Display: Loaded TargetPlatform 'MacClient'
[2022.02.13-10.57.13:856][  0]LogTargetPlatformManager: Display: Loaded TargetPlatform 'MacServer'
[2022.02.13-10.57.13:866][  0]LogTargetPlatformManager: Display: Loaded TargetPlatform 'TVOSClient'
[2022.02.13-10.57.13:866][  0]LogTargetPlatformManager: Display: Loaded TargetPlatform 'TVOS'
[2022.02.13-10.57.13:876][  0]LogTargetPlatformManager: Display: Loaded TargetPlatform 'WindowsNoEditor'
[2022.02.13-10.57.13:881][  0]LogTargetPlatformManager: Display: Loaded TargetPlatform 'Windows'
[2022.02.13-10.57.13:885][  0]LogTargetPlatformManager: Display: Loaded TargetPlatform 'WindowsClient'
[2022.02.13-10.57.13:891][  0]LogTargetPlatformManager: Display: Loaded TargetPlatform 'WindowsServer'
[2022.02.13-10.57.13:891][  0]LogTargetPlatformManager: Display: Building Assets For Windows
[2022.02.13-10.57.13:903][  0]LogAudioDebug: Display: Lib vorbis DLL was dynamically loaded.
[2022.02.13-10.57.13:940][  0]LogTextureFormatOodle: Display: Oodle Texture 2.9.0 init RDO Off
[2022.02.13-10.57.13:981][  0]LogRendererCore: Ray tracing is disabled. Reason: r.RayTracing=0.
[2022.02.13-10.57.13:981][  0]LogShaderCompilers: Guid format shader working directory is -22 characters bigger than the processId version (../../../../../../Users/plimp/OneDrive/Desktop/InfiniteMatrixStarter/Intermediate/Shaders/WorkingDirectory/7360/).
[2022.02.13-10.57.13:981][  0]LogShaderCompilers: Cleaned the shader compiler working directory 'C:/Users/plimp/AppData/Local/Temp/UnrealShaderWorkingDir/BD22C38141EF04E0284B0EBA19169B3C/'.
[2022.02.13-10.57.13:981][  0]LogXGEController: Cannot use XGE Controller as Incredibuild is not installed on this machine.
[2022.02.13-10.57.13:981][  0]LogShaderCompilers: Cannot use XGE Shader Compiler as Incredibuild is not installed on this machine.
[2022.02.13-10.57.13:981][  0]LogShaderCompilers: Display: Using Local Shader Compiler.
[2022.02.13-10.57.14:939][  0]LogDerivedDataCache: Display: Max Cache Size: 512 MB
[2022.02.13-10.57.15:003][  0]LogDerivedDataCache: Loaded boot cache 0.06s 94MB C:/Users/plimp/AppData/Local/UnrealEngine/4.27/DerivedDataCache/Boot.ddc.
[2022.02.13-10.57.15:003][  0]LogDerivedDataCache: Display: Loaded Boot cache: C:/Users/plimp/AppData/Local/UnrealEngine/4.27/DerivedDataCache/Boot.ddc
[2022.02.13-10.57.15:003][  0]LogDerivedDataCache: FDerivedDataBackendGraph:  Pak pak cache file ../../../../../../Users/plimp/OneDrive/Desktop/InfiniteMatrixStarter/DerivedDataCache/DDC.ddp not found, will not use a pak cache.
[2022.02.13-10.57.15:003][  0]LogDerivedDataCache: Unable to find inner node Pak for hierarchical cache Hierarchy.
[2022.02.13-10.57.15:003][  0]LogDerivedDataCache: FDerivedDataBackendGraph:  CompressedPak pak cache file ../../../../../../Users/plimp/OneDrive/Desktop/InfiniteMatrixStarter/DerivedDataCache/Compressed.ddp not found, will not use a pak cache.
[2022.02.13-10.57.15:003][  0]LogDerivedDataCache: Unable to find inner node CompressedPak for hierarchical cache Hierarchy.
[2022.02.13-10.57.15:022][  0]LogDerivedDataCache: Display: Pak cache opened for reading ../../../Engine/DerivedDataCache/Compressed.ddp.
[2022.02.13-10.57.15:022][  0]LogDerivedDataCache: FDerivedDataBackendGraph:  EnterprisePak pak cache file ../../../Enterprise/DerivedDataCache/Compressed.ddp not found, will not use a pak cache.
[2022.02.13-10.57.15:022][  0]LogDerivedDataCache: Unable to find inner node EnterprisePak for hierarchical cache Hierarchy.
[2022.02.13-10.57.15:029][  0]LogDerivedDataCache: Speed tests for C:/Users/plimp/AppData/Local/UnrealEngine/Common/DerivedDataCache took 0.01 seconds
[2022.02.13-10.57.15:029][  0]LogDerivedDataCache: Display: Performance to C:/Users/plimp/AppData/Local/UnrealEngine/Common/DerivedDataCache: Latency=0.02ms. RandomReadSpeed=1539.73MBs, RandomWriteSpeed=173.12MBs. Assigned SpeedClass 'Local'
[2022.02.13-10.57.15:030][  0]LogDerivedDataCache: Using Local data cache path C:/Users/plimp/AppData/Local/UnrealEngine/Common/DerivedDataCache: Writable
[2022.02.13-10.57.15:030][  0]LogDerivedDataCache: Shared data cache path not found in *engine.ini, will not use an Shared cache.
[2022.02.13-10.57.15:030][  0]LogDerivedDataCache: Unable to find inner node Shared for hierarchical cache Hierarchy.
[2022.02.13-10.57.15:095][  0]LogSlate: Using FreeType 2.10.0
[2022.02.13-10.57.15:095][  0]LogSlate: SlateFontServices - WITH_FREETYPE: 1, WITH_HARFBUZZ: 1
[2022.02.13-10.57.15:121][  0]LogAssetRegistry: FAssetRegistry took 0.0029 seconds to start up
[2022.02.13-10.57.15:424][  0]LogInit: Selected Device Profile: [Windows]
[2022.02.13-10.57.15:424][  0]LogInit: Active device profile: [000001789765AD00][0000017895B10800 49] Windows
[2022.02.13-10.57.15:424][  0]LogInit: Profiles: [000001789765AD00][0000017895B10800 49] Windows, [00000178975ED900][0000017895E3C940 49] WindowsNoEditor, [000001789765A100][000001788D6FCA80 49] WindowsServer, [00000178975EE400][0000017895CE4BC0 49] WindowsClient, [000001789765B600][0000017895DDAD40 49] IOS, [00000178975EFE00][0000017895DDEEC0 49] iPadAir, [0000017897658900][0000017895DE3040 49] iPadAir2, [00000178975A1200][0000017895DEB300 49] IPadPro, [00000178975A1300][0000017895DE7340 49] iPadAir3, [00000178975EEA00][0000017895DEF4C0 49] iPadAir4, [00000178975A2000][0000017895DF3640 49] iPadMini2, [00000178975EC300][0000017895DF77C0 49] iPadMini3, [00000178975A2B00][000001788D677940 49] iPadMini4, [00000178975EF600][000001788D67BAC0 49] iPadMini5, [00000178975C0A00][000001788D682200 49] iPhone6, [00000178975C0B00][000001788D67E240 49] iPodTouch6, [0000017897658800][000001788D68A500 49] iPhone7, [0000017897658700][000001788D686540 49] iPodTouch7, [00000178975C0100][000001788D68E6C0 49] iPhone5S, [00000178975A1E00][000001788D692840 49] iPhone6Plus, [00000178975C3B00][0000017895CE8980 49] iPhone6S, [00000178975A0E00][000001788D696AC0 49] iPhone6SPlus, [00000178975C3400][000001788D69AC00 49] iPhone7Plus, [00000178975A2C00][0000017895B48D40 49] iPhoneSE, [00000178975C1F00][0000017895B50EC0 49] iPhone8, [00000178975A1B00][0000017895B55040 49] iPhone8Plus, [00000178975C1B00][0000017895B591C0 49] iPhoneX, [00000178975A2800][0000017895B5D340 49] iPhoneXS, [000001789765AA00][0000017895B614C0 49] iPhoneXSMax, [00000178975A3700][0000017895B65640 49] iPhoneXR, [0000017897658600][0000017895B697C0 49] iPhone11, [00000178975A1400][0000017895B6D940 49] iPhone11Pro, [0000017897658A00][000001789390BAC0 49] iPhone11ProMax, [00000178975A3200][000001789390E0C0 49] iPhoneSE2, [000001789765A300][0000017893912240 49] iPhone12Mini, [00000178975A2900][00000178939163C0 49] iPhone12, [000001789765BA00][000001789391A540 49] iPhone12Pro, [00000178975A3F00][000001789391E6C0 49] iPhone12ProMax, [000001789765B000][0000017893922840 49] iPadPro105, [00000178975A1D00][00000178939269C0 49] iPadPro129, [0000017897659E00][000001789392AB40 49] iPadPro97, [00000178975A1500][0000017895B4CC80 49] iPadPro2_129, [0000017897658F00][000001789392EDC0 49] iPad5, [00000178975A0D00][0000017893932F00 49] iPad6, [0000017897658C00][0000017896E81080 49] iPad7, [00000178975A3300][0000017896E85200 49] iPad8, [0000017897658400][0000017896E89380 49] iPadPro11, [00000178975A3400][0000017896E8D500 49] iPadPro2_11, [000001789765B800][0000017896E91680 49] iPadPro3_129, [00000178975A3C00][0000017896E95800 49] iPadPro4_129, [000001789765B400][0000017896E99980 49] AppleTV, [00000178975A1100][0000017896E9DB00 49] AppleTV4K, [000001789765B200][0000017896EA0100 49] TVOS, [00000178975A0800][0000017896EA4280 49] Mac, [000001789765B900][0000017896EA8400 49] MacClient, [00000178975A0B00][0000017896EAC580 49] MacNoEditor, [000001789765B300][0000017896EB0700 49] MacServer, [00000178975A0F00][0000017896EB4880 49] Linux, [0000017897658B00][0000017896EB8A00 49] LinuxAArch64, [00000178975A3E00][00000178970D4B80 49] LinuxNoEditor, [0000017897659A00][00000178970D8D00 49] LinuxAArch64NoEditor, [00000178975A0700][0000017893936E40 49] LinuxClient, [0000017897659800][00000178970DCF80 49] LinuxAArch64Client, [00000178975A2F00][00000178970E10C0 49] LinuxServer, [000001789765A800][00000178970E9240 49] LinuxAArch64Server, [00000178975A1000][00000178970ED3C0 49] Android, [000001789765A400][00000178970F1540 49] Android_Low, [00000178975A3800][00000178970F56C0 49] Android_Mid, [0000017897658200][00000178970F9840 49] Android_High, [00000178975A1700][00000178970FD9C0 49] Android_Default, [0000017897659B00][0000017897101B40 49] Android_Adreno4xx, [00000178975A0300][0000017897104140 49] Android_Adreno5xx_Low, [000001789765A900][00000178971082C0 49] Android_Adreno5xx, [00000178975EE000][000001789710C440 49] Android_Adreno6xx, [00000178975C3A00][00000178971105C0 49] Android_Adreno6xx_Vulkan, [00000178975EC100][0000017897114740 49] Android_Mali_T6xx, [00000178975C3900][00000178971188C0 49] Android_Mali_T7xx, [00000178975EF000][000001789711CA40 49] Android_Mali_T8xx, [00000178975C2100][0000017897120BC0 49] Android_Mali_G71, [00000178975EE900][0000017897124D40 49] Android_Mali_G72, [00000178975C1300][0000017897128EC0 49] Android_Mali_G72_Vulkan, [00000178975EC200][00000178970E5000 49] Android_Mali_G76, [00000178975C2200][000001789712D140 49] Android_Mali_G76_Vulkan, [00000178975ED700][0000017897131280 49] Android_Mali_G77, [00000178975C2700][00000178971353C0 49] Android_Mali_G77_Vulkan, [00000178975ECE00][000001789713D540 49] Android_Mali_G78, [00000178975C1900][00000178971416C0 49] Android_Mali_G78_Vulkan, [00000178975ECA00][0000017897145840 49] Android_Mali_G710, [00000178975C2A00][00000178971499C0 49] Android_Mali_G710_Vulkan, [00000178975EC900][000001789714DB40 49] Android_Vulkan_SM5, [00000178975C3200][0000017897150140 49] Android_PowerVR_G6xxx, [00000178975EC500][00000178971542C0 49] Android_PowerVR_GT7xxx, [00000178975C1400][0000017897158440 49] Android_PowerVR_GE8xxx, [00000178975ED100][000001789715C5C0 49] Android_PowerVR_GM9xxx, [00000178975C3800][0000017897160740 49] Android_PowerVR_GM9xxx_Vulkan, [00000178975EE700][00000178971648C0 49] Android_TegraK1, [00000178975C2B00][0000017897168A40 49] Android_Unknown_Vulkan, [00000178975EF500][000001789716CBC0 49] Lumin, [00000178975C2900][0000017897170D40 49] Lumin_Desktop, [00000178975ED200][0000017897174EC0 49] HoloLens, 
[2022.02.13-10.57.15:577][  0]LogMeshReduction: Using QuadricMeshReduction for automatic static mesh reduction
[2022.02.13-10.57.15:577][  0]LogMeshReduction: Using SimplygonMeshReduction for automatic skeletal mesh reduction
[2022.02.13-10.57.15:577][  0]LogMeshReduction: Using ProxyLODMeshReduction for automatic mesh merging
[2022.02.13-10.57.15:577][  0]LogMeshReduction: No distributed automatic mesh merging module available
[2022.02.13-10.57.15:577][  0]LogMeshMerging: No distributed automatic mesh merging module available
[2022.02.13-10.57.15:599][  0]LogNetVersion: InfiniteMatrix 1.0.0, NetCL: 17155196, EngineNetVer: 17, GameNetVer: 0 (Checksum: 1551001080)
[2022.02.13-10.57.16:081][  0]LogTexture: Default maximum texture size for cubemaps generated from long-lat sources has been changed from 512 to unlimited. In order to preserve old behaiour for '/Engine/MapTemplates/Sky/DaylightAmbientCubemap.DaylightAmbientCubemap', its maximum texture size has been explicitly set to 512.
[2022.02.13-10.57.16:142][  0]LogHMD: PokeAHoleMaterial loaded successfully
[2022.02.13-10.57.16:149][  0]LogUObjectArray: 17178 objects as part of root set at end of initial load.
[2022.02.13-10.57.16:149][  0]LogUObjectAllocator: 4302048 out of 0 bytes used by permanent object pool.
[2022.02.13-10.57.16:149][  0]LogUObjectArray: CloseDisregardForGC: 0/0 objects in disregard for GC pool
[2022.02.13-10.57.16:474][  0]LogNiagaraDebuggerClient: Niagara Debugger Client Initialized | Session: 2D05031D454642B1F00669AD02DA0DBA | Instance: 18EC96B443E723EC82B117BE1B8E6A30 (DESKTOP-QLI0PFO-7360).
[2022.02.13-10.57.16:512][  0]LogPython: Using Python 3.7.7
[2022.02.13-10.57.17:332][  0]LogTcpMessaging: Initializing TcpMessaging bridge
[2022.02.13-10.57.17:337][  0]LogUdpMessaging: Initializing bridge on interface 0.0.0.0:0 to multicast group 230.0.0.1:6666.
[2022.02.13-10.57.17:537][  0]SourceControl: Source control is disabled
[2022.02.13-10.57.17:537][  0]SourceControl: Source control is disabled
[2022.02.13-10.57.17:541][  0]SourceControl: Source control is disabled
[2022.02.13-10.57.17:549][  0]SourceControl: Source control is disabled
[2022.02.13-10.57.17:560][  0]SourceControl: Source control is disabled
[2022.02.13-10.57.17:564][  0]LogUProjectInfo: Found projects:
[2022.02.13-10.57.17:845][  0]LogOpenImageDenoise: OIDN starting up
[2022.02.13-10.57.17:904][  0]LogAndroidPermission: UAndroidPermissionCallbackProxy::GetInstance
[2022.02.13-10.57.17:932][  0]LogAudioCaptureCore: Display: No Audio Capture implementations found. Audio input will be silent.
[2022.02.13-10.57.17:932][  0]LogAudioCaptureCore: Display: No Audio Capture implementations found. Audio input will be silent.
[2022.02.13-10.57.18:071][  0]LogCollectionManager: Loaded 0 collections in 0.000808 seconds
[2022.02.13-10.57.18:095][  0]LogFileCache: Scanning file cache for directory 'C:/Users/plimp/OneDrive/Desktop/InfiniteMatrixStarter/Saved/Collections/' took 0.00s
[2022.02.13-10.57.18:095][  0]LogFileCache: Scanning file cache for directory 'C:/Users/plimp/OneDrive/Desktop/InfiniteMatrixStarter/Content/Developers/plimp/Collections/' took 0.00s
[2022.02.13-10.57.18:095][  0]LogFileCache: Scanning file cache for directory 'C:/Users/plimp/OneDrive/Desktop/InfiniteMatrixStarter/Content/Collections/' took 0.00s
[2022.02.13-10.57.18:095][  0]LogOcInput: OculusInput pre-init called
[2022.02.13-10.57.18:356][  0]LogEngine: Initializing Engine...
[2022.02.13-10.57.18:421][  0]LogHMD: Failed to enumerate extensions. Please check that you have a valid OpenXR runtime installed.
[2022.02.13-10.57.18:421][  0]LogHMD: Failed to initialize OpenVR with code 110
[2022.02.13-10.57.18:421][  0]LogMagicLeap: Warning: VR disabled because ZI is not enabled.  To enable, in the editor, Edit -> Project Settings -> Plugins -> Magic Leap Plugin -> Enable Zero Iteration
[2022.02.13-10.57.18:422][  0]LogStats: UGameplayTagsManager::InitializeManager -  0.000 s
[2022.02.13-10.57.18:567][  0]LogInit: Initializing FReadOnlyCVARCache
[2022.02.13-10.57.18:579][  0]LogAIModule: Creating AISystem for world Untitled
[2022.02.13-10.57.18:592][  0]LogAudio: Display: Initializing Audio Device Manager...
[2022.02.13-10.57.18:597][  0]LogAudio: Display: Loading Default Audio Settings Objects...
[2022.02.13-10.57.18:597][  0]LogAudio: Display: No default SoundConcurrencyObject specified (or failed to load).
[2022.02.13-10.57.18:598][  0]LogAudio: Display: Audio Device Manager Initialized
[2022.02.13-10.57.18:598][  0]LogAudio: Display: Creating Audio Device:                 Id: 1, Scope: Shared, Realtime: True
[2022.02.13-10.57.18:598][  0]LogAudioMixer: Display: Audio Mixer Platform Settings:
[2022.02.13-10.57.18:598][  0]LogAudioMixer: Display: 	Sample Rate:						  48000
[2022.02.13-10.57.18:598][  0]LogAudioMixer: Display: 	Callback Buffer Frame Size Requested: 1024
[2022.02.13-10.57.18:598][  0]LogAudioMixer: Display: 	Callback Buffer Frame Size To Use:	  1024
[2022.02.13-10.57.18:598][  0]LogAudioMixer: Display: 	Number of buffers to queue:			  2
[2022.02.13-10.57.18:598][  0]LogAudioMixer: Display: 	Max Channels (voices):				  32
[2022.02.13-10.57.18:599][  0]LogAudioMixer: Display: 	Number of Async Source Workers:		  0
[2022.02.13-10.57.18:599][  0]LogAudio: Display: AudioDevice MaxSources: 32
[2022.02.13-10.57.18:599][  0]LogAudio: Display: Audio Spatialization Plugin: None (built-in).
[2022.02.13-10.57.18:599][  0]LogAudio: Display: Audio Reverb Plugin: None (built-in).
[2022.02.13-10.57.18:599][  0]LogAudio: Display: Audio Occlusion Plugin: None (built-in).
[2022.02.13-10.57.18:599][  0]LogAudioMixer: Display: Initializing audio mixer.
[2022.02.13-10.57.18:644][  0]LogAudioMixer: Display: 0: FrontLeft
[2022.02.13-10.57.18:644][  0]LogAudioMixer: Display: 1: FrontRight
[2022.02.13-10.57.18:754][  0]LogAudioMixer: Display: Using Audio Device Headphones (2- Arctis 7 Game)
[2022.02.13-10.57.18:756][  0]LogAudioMixer: Display: Initializing Sound Submixes...
[2022.02.13-10.57.18:758][  0]LogAudioMixer: Display: Creating Master Submix 'MasterSubmixDefault'
[2022.02.13-10.57.18:758][  0]LogAudioMixer: Display: Creating Master Submix 'MasterReverbSubmixDefault'
[2022.02.13-10.57.18:759][  0]LogAudioMixer: Display: Creating Master Submix 'MasterEQSubmixDefault'
[2022.02.13-10.57.18:759][  0]LogAudioMixer: FMixerPlatformXAudio2::StartAudioStream() called
[2022.02.13-10.57.18:759][  0]LogAudioMixer: Display: Output buffers initialized: Frames=1024, Channels=2, Samples=2048
[2022.02.13-10.57.18:760][  0]LogAudioMixer: Display: Starting AudioMixerPlatformInterface::RunInternal()
[2022.02.13-10.57.18:760][  0]LogAudioMixer: Display: FMixerPlatformXAudio2::SubmitBuffer() called for the first time
[2022.02.13-10.57.18:760][  0]LogInit: FAudioDevice initialized.
[2022.02.13-10.57.18:761][  0]LogAudio: Display: Audio Device (ID: 1) registered with world 'Untitled'.
[2022.02.13-10.57.18:761][  0]LogNetVersion: Set ProjectVersion to 1.0.0.0. Version Checksum will be recalculated on next use.
[2022.02.13-10.57.18:839][  0]LogDerivedDataCache: Saved boot cache 0.08s 94MB C:/Users/plimp/AppData/Local/UnrealEngine/4.27/DerivedDataCache/Boot.ddc.
[2022.02.13-10.57.18:840][  0]LogInit: Texture streaming: Enabled
[2022.02.13-10.57.18:854][  0]LogAnalytics: Display: [UEEditor.Rocket.Release] APIServer = https://datarouter.ol.epicgames.com/. AppVersion = 4.27.2-18319896+++UE4+Release-4.27
[2022.02.13-10.57.18:859][  0]LogEngineSessionManager: EngineSessionManager initialized
[2022.02.13-10.57.18:859][  0]LogEditorSessionSummary: Verbose: Initializing EditorSessionSummaryWriter for editor session tracking
[2022.02.13-10.57.18:861][  0]LogEditorSessionSummary: EditorSessionSummaryWriter initialized
[2022.02.13-10.57.18:898][  0]LogInit: Transaction tracking system initialized
[2022.02.13-10.57.18:933][  0]BlueprintLog: New page: Editor Load
[2022.02.13-10.57.19:015][  0]LocalizationService: Localization service is disabled
[2022.02.13-10.57.19:045][  0]TimingProfiler: Initialize
[2022.02.13-10.57.19:045][  0]TimingProfiler: OnSessionChanged
[2022.02.13-10.57.19:045][  0]LoadingProfiler: Initialize
[2022.02.13-10.57.19:045][  0]LoadingProfiler: OnSessionChanged
[2022.02.13-10.57.19:045][  0]NetworkingProfiler: Initialize
[2022.02.13-10.57.19:045][  0]NetworkingProfiler: OnSessionChanged
[2022.02.13-10.57.19:045][  0]MemoryProfiler: Initialize
[2022.02.13-10.57.19:045][  0]MemoryProfiler: OnSessionChanged
[2022.02.13-10.57.19:237][  0]LogCook: Display: CookSettings for Memory: MemoryMaxUsedVirtual 0MiB, MemoryMaxUsedPhysical 16384MiB, MemoryMinFreeVirtual 0MiB, MemoryMinFreePhysical 1024MiB
[2022.02.13-10.57.19:238][  0]LogCook: Display: Mobile HDR setting 1
[2022.02.13-10.57.19:391][  0]LogFileCache: Scanning file cache for directory 'C:/Users/plimp/OneDrive/Desktop/InfiniteMatrixStarter/Content/' took 0.01s
[2022.02.13-10.57.19:838][  0]LogInit: Display: Engine is initialized. Leaving FEngineLoop::Init()
[2022.02.13-10.57.19:842][  0]SourceControl: Source control is disabled
[2022.02.13-10.57.19:842][  0]LogUnrealEdMisc: Loading editor; pre map load, took 9.005
[2022.02.13-10.57.19:842][  0]Cmd: MAP LOAD FILE="../../../../../../Users/plimp/OneDrive/Desktop/InfiniteMatrixStarter/Content/InfiniteMatrix/Maps/TutorialMap.umap" TEMPLATE=0 SHOWPROGRESS=1 FEATURELEVEL=3
[2022.02.13-10.57.19:842][  0]LightingResults: New page: Lighting Build
[2022.02.13-10.57.19:844][  0]LogWorld: UWorld::CleanupWorld for Untitled, bSessionEnded=true, bCleanupResources=true
[2022.02.13-10.57.19:844][  0]LogSlate: InvalidateAllWidgets triggered.  All widgets were invalidated
[2022.02.13-10.57.19:844][  0]MapCheck: New page: Map Check
[2022.02.13-10.57.19:844][  0]LightingResults: New page: Lighting Build
[2022.02.13-10.57.19:850][  0]LogAudio: Display: Audio Device unregistered from world 'None'.
[2022.02.13-10.57.19:854][  0]LogUObjectHash: Compacting FUObjectHashTables data took   1.34ms
[2022.02.13-10.57.20:310][  0]LogAudio: Display: Audio Device (ID: 1) registered with world 'TutorialMap'.
[2022.02.13-10.57.20:311][  0]LogAIModule: Creating AISystem for world TutorialMap
[2022.02.13-10.57.20:315][  0]LogEditorServer: Finished looking for orphan Actors (0.000 secs)
[2022.02.13-10.57.20:326][  0]LogUObjectHash: Compacting FUObjectHashTables data took   1.39ms
[2022.02.13-10.57.20:326][  0]Cmd: MAP CHECKDEP NOCLEARLOG
[2022.02.13-10.57.20:327][  0]MapCheck: Map check complete: 0 Error(s), 0 Warning(s), took 0.169ms to complete.
[2022.02.13-10.57.20:327][  0]LogFileHelpers: Loading map 'TutorialMap' took 0.485
[2022.02.13-10.57.20:329][  0]LogUnrealEdMisc: Total Editor Startup Time, took 9.492
[2022.02.13-10.57.20:521][  0]LogSlate: Updating window title bar state: overlay mode, drag disabled, window buttons hidden, title bar hidden
[2022.02.13-10.57.20:531][  0]LogSlate: Updating window title bar state: overlay mode, drag disabled, window buttons hidden, title bar hidden
[2022.02.13-10.57.20:539][  0]LogSlate: Updating window title bar state: overlay mode, drag disabled, window buttons hidden, title bar hidden
[2022.02.13-10.57.20:550][  0]LogSlate: Updating window title bar state: overlay mode, drag disabled, window buttons hidden, title bar hidden
[2022.02.13-10.57.20:591][  0]LogNativeClassHierarchy: Verbose: Native class hierarchy populated in 0.0158 seconds. Added 3822 classes and 928 folders.
[2022.02.13-10.57.20:595][  0]LogNativeClassHierarchy: Verbose: Native class hierarchy updated for 'WidgetCarousel' in 0.0003 seconds. Added 0 classes and 0 folders.
[2022.02.13-10.57.20:625][  0]LogPakFile: PakFile PrimaryIndexSize=187
[2022.02.13-10.57.20:625][  0]LogPakFile: PakFile PathHashIndexSize=101
[2022.02.13-10.57.20:625][  0]LogPakFile: PakFile FullDirectoryIndexSize=148
[2022.02.13-10.57.20:625][  0]LogShaderLibrary: Display: ShaderCodeLibraryPakFileMountedCallback: PakFile 'C:/Program Files/Epic Games/UE_4.27/FeaturePacks/FP_FirstPerson.upack' (chunk index -1, root 'root:/') mounted
[2022.02.13-10.57.20:625][  0]LogShaderLibrary: Display: ShaderCodeLibraryPakFileMountedCallback: pending pak file info (ChunkID:-1 Root:root:/ File:C:/Program Files/Epic Games/UE_4.27/FeaturePacks/FP_FirstPerson.upack)
[2022.02.13-10.57.20:625][  0]LogPakFile: OnPakFileMounted2Time == 0.000111
[2022.02.13-10.57.20:641][  0]LogPakFile: PakFile PrimaryIndexSize=189
[2022.02.13-10.57.20:641][  0]LogPakFile: PakFile PathHashIndexSize=101
[2022.02.13-10.57.20:641][  0]LogPakFile: PakFile FullDirectoryIndexSize=152
[2022.02.13-10.57.20:641][  0]LogShaderLibrary: Display: ShaderCodeLibraryPakFileMountedCallback: PakFile 'C:/Program Files/Epic Games/UE_4.27/FeaturePacks/FP_FirstPersonBP.upack' (chunk index -1, root 'root:/') mounted
[2022.02.13-10.57.20:641][  0]LogShaderLibrary: Display: ShaderCodeLibraryPakFileMountedCallback: pending pak file info (ChunkID:-1 Root:root:/ File:C:/Program Files/Epic Games/UE_4.27/FeaturePacks/FP_FirstPersonBP.upack)
[2022.02.13-10.57.20:641][  0]LogPakFile: OnPakFileMounted2Time == 0.000080
[2022.02.13-10.57.20:651][  0]LogPakFile: PakFile PrimaryIndexSize=191
[2022.02.13-10.57.20:651][  0]LogPakFile: PakFile PathHashIndexSize=101
[2022.02.13-10.57.20:651][  0]LogPakFile: PakFile FullDirectoryIndexSize=160
[2022.02.13-10.57.20:651][  0]LogShaderLibrary: Display: ShaderCodeLibraryPakFileMountedCallback: PakFile 'C:/Program Files/Epic Games/UE_4.27/FeaturePacks/MobileStarterContent.upack' (chunk index -1, root 'root:/') mounted
[2022.02.13-10.57.20:651][  0]LogShaderLibrary: Display: ShaderCodeLibraryPakFileMountedCallback: pending pak file info (ChunkID:-1 Root:root:/ File:C:/Program Files/Epic Games/UE_4.27/FeaturePacks/MobileStarterContent.upack)
[2022.02.13-10.57.20:651][  0]LogPakFile: OnPakFileMounted2Time == 0.000132
[2022.02.13-10.57.20:663][  0]LogPakFile: PakFile PrimaryIndexSize=185
[2022.02.13-10.57.20:663][  0]LogPakFile: PakFile PathHashIndexSize=101
[2022.02.13-10.57.20:663][  0]LogPakFile: PakFile FullDirectoryIndexSize=148
[2022.02.13-10.57.20:663][  0]LogShaderLibrary: Display: ShaderCodeLibraryPakFileMountedCallback: PakFile 'C:/Program Files/Epic Games/UE_4.27/FeaturePacks/StarterContent.upack' (chunk index -1, root 'root:/') mounted
[2022.02.13-10.57.20:663][  0]LogShaderLibrary: Display: ShaderCodeLibraryPakFileMountedCallback: pending pak file info (ChunkID:-1 Root:root:/ File:C:/Program Files/Epic Games/UE_4.27/FeaturePacks/StarterContent.upack)
[2022.02.13-10.57.20:663][  0]LogPakFile: OnPakFileMounted2Time == 0.000097
[2022.02.13-10.57.20:676][  0]LogPakFile: PakFile PrimaryIndexSize=190
[2022.02.13-10.57.20:676][  0]LogPakFile: PakFile PathHashIndexSize=101
[2022.02.13-10.57.20:677][  0]LogPakFile: PakFile FullDirectoryIndexSize=154
[2022.02.13-10.57.20:677][  0]LogShaderLibrary: Display: ShaderCodeLibraryPakFileMountedCallback: PakFile 'C:/Program Files/Epic Games/UE_4.27/FeaturePacks/TP_2DSideScroller.upack' (chunk index -1, root 'root:/') mounted
[2022.02.13-10.57.20:677][  0]LogShaderLibrary: Display: ShaderCodeLibraryPakFileMountedCallback: pending pak file info (ChunkID:-1 Root:root:/ File:C:/Program Files/Epic Games/UE_4.27/FeaturePacks/TP_2DSideScroller.upack)
[2022.02.13-10.57.20:677][  0]LogPakFile: OnPakFileMounted2Time == 0.000080
[2022.02.13-10.57.20:687][  0]LogPakFile: PakFile PrimaryIndexSize=192
[2022.02.13-10.57.20:687][  0]LogPakFile: PakFile PathHashIndexSize=101
[2022.02.13-10.57.20:687][  0]LogPakFile: PakFile FullDirectoryIndexSize=158
[2022.02.13-10.57.20:687][  0]LogShaderLibrary: Display: ShaderCodeLibraryPakFileMountedCallback: PakFile 'C:/Program Files/Epic Games/UE_4.27/FeaturePacks/TP_2DSideScrollerBP.upack' (chunk index -1, root 'root:/') mounted
[2022.02.13-10.57.20:688][  0]LogShaderLibrary: Display: ShaderCodeLibraryPakFileMountedCallback: pending pak file info (ChunkID:-1 Root:root:/ File:C:/Program Files/Epic Games/UE_4.27/FeaturePacks/TP_2DSideScrollerBP.upack)
[2022.02.13-10.57.20:688][  0]LogPakFile: OnPakFileMounted2Time == 0.000062
[2022.02.13-10.57.20:697][  0]LogPakFile: PakFile PrimaryIndexSize=182
[2022.02.13-10.57.20:697][  0]LogPakFile: PakFile PathHashIndexSize=101
[2022.02.13-10.57.20:697][  0]LogPakFile: PakFile FullDirectoryIndexSize=138
[2022.02.13-10.57.20:697][  0]LogShaderLibrary: Display: ShaderCodeLibraryPakFileMountedCallback: PakFile 'C:/Program Files/Epic Games/UE_4.27/FeaturePacks/TP_Flying.upack' (chunk index -1, root 'root:/') mounted
[2022.02.13-10.57.20:697][  0]LogShaderLibrary: Display: ShaderCodeLibraryPakFileMountedCallback: pending pak file info (ChunkID:-1 Root:root:/ File:C:/Program Files/Epic Games/UE_4.27/FeaturePacks/TP_Flying.upack)
[2022.02.13-10.57.20:697][  0]LogPakFile: OnPakFileMounted2Time == 0.000050
[2022.02.13-10.57.20:708][  0]LogPakFile: PakFile PrimaryIndexSize=184
[2022.02.13-10.57.20:708][  0]LogPakFile: PakFile PathHashIndexSize=101
[2022.02.13-10.57.20:709][  0]LogPakFile: PakFile FullDirectoryIndexSize=142
[2022.02.13-10.57.20:709][  0]LogShaderLibrary: Display: ShaderCodeLibraryPakFileMountedCallback: PakFile 'C:/Program Files/Epic Games/UE_4.27/FeaturePacks/TP_FlyingBP.upack' (chunk index -1, root 'root:/') mounted
[2022.02.13-10.57.20:709][  0]LogShaderLibrary: Display: ShaderCodeLibraryPakFileMountedCallback: pending pak file info (ChunkID:-1 Root:root:/ File:C:/Program Files/Epic Games/UE_4.27/FeaturePacks/TP_FlyingBP.upack)
[2022.02.13-10.57.20:709][  0]LogPakFile: OnPakFileMounted2Time == 0.000081
[2022.02.13-10.57.20:720][  0]LogPakFile: PakFile PrimaryIndexSize=188
[2022.02.13-10.57.20:720][  0]LogPakFile: PakFile PathHashIndexSize=101
[2022.02.13-10.57.20:720][  0]LogPakFile: PakFile FullDirectoryIndexSize=150
[2022.02.13-10.57.20:720][  0]LogShaderLibrary: Display: ShaderCodeLibraryPakFileMountedCallback: PakFile 'C:/Program Files/Epic Games/UE_4.27/FeaturePacks/TP_HandheldARBP.upack' (chunk index -1, root 'root:/') mounted
[2022.02.13-10.57.20:720][  0]LogShaderLibrary: Display: ShaderCodeLibraryPakFileMountedCallback: pending pak file info (ChunkID:-1 Root:root:/ File:C:/Program Files/Epic Games/UE_4.27/FeaturePacks/TP_HandheldARBP.upack)
[2022.02.13-10.57.20:720][  0]LogPakFile: OnPakFileMounted2Time == 0.000087
[2022.02.13-10.57.20:733][  0]LogPakFile: PakFile PrimaryIndexSize=182
[2022.02.13-10.57.20:733][  0]LogPakFile: PakFile PathHashIndexSize=101
[2022.02.13-10.57.20:733][  0]LogPakFile: PakFile FullDirectoryIndexSize=138
[2022.02.13-10.57.20:734][  0]LogShaderLibrary: Display: ShaderCodeLibraryPakFileMountedCallback: PakFile 'C:/Program Files/Epic Games/UE_4.27/FeaturePacks/TP_Puzzle.upack' (chunk index -1, root 'root:/') mounted
[2022.02.13-10.57.20:734][  0]LogShaderLibrary: Display: ShaderCodeLibraryPakFileMountedCallback: pending pak file info (ChunkID:-1 Root:root:/ File:C:/Program Files/Epic Games/UE_4.27/FeaturePacks/TP_Puzzle.upack)
[2022.02.13-10.57.20:734][  0]LogPakFile: OnPakFileMounted2Time == 0.000107
[2022.02.13-10.57.20:745][  0]LogPakFile: PakFile PrimaryIndexSize=184
[2022.02.13-10.57.20:745][  0]LogPakFile: PakFile PathHashIndexSize=101
[2022.02.13-10.57.20:745][  0]LogPakFile: PakFile FullDirectoryIndexSize=142
[2022.02.13-10.57.20:745][  0]LogShaderLibrary: Display: ShaderCodeLibraryPakFileMountedCallback: PakFile 'C:/Program Files/Epic Games/UE_4.27/FeaturePacks/TP_PuzzleBP.upack' (chunk index -1, root 'root:/') mounted
[2022.02.13-10.57.20:745][  0]LogShaderLibrary: Display: ShaderCodeLibraryPakFileMountedCallback: pending pak file info (ChunkID:-1 Root:root:/ File:C:/Program Files/Epic Games/UE_4.27/FeaturePacks/TP_PuzzleBP.upack)
[2022.02.13-10.57.20:745][  0]LogPakFile: OnPakFileMounted2Time == 0.000067
[2022.02.13-10.57.20:755][  0]LogPakFile: PakFile PrimaryIndexSize=183
[2022.02.13-10.57.20:755][  0]LogPakFile: PakFile PathHashIndexSize=101
[2022.02.13-10.57.20:755][  0]LogPakFile: PakFile FullDirectoryIndexSize=140
[2022.02.13-10.57.20:755][  0]LogShaderLibrary: Display: ShaderCodeLibraryPakFileMountedCallback: PakFile 'C:/Program Files/Epic Games/UE_4.27/FeaturePacks/TP_Rolling.upack' (chunk index -1, root 'root:/') mounted
[2022.02.13-10.57.20:755][  0]LogShaderLibrary: Display: ShaderCodeLibraryPakFileMountedCallback: pending pak file info (ChunkID:-1 Root:root:/ File:C:/Program Files/Epic Games/UE_4.27/FeaturePacks/TP_Rolling.upack)
[2022.02.13-10.57.20:755][  0]LogPakFile: OnPakFileMounted2Time == 0.000047
[2022.02.13-10.57.20:764][  0]LogPakFile: PakFile PrimaryIndexSize=185
[2022.02.13-10.57.20:764][  0]LogPakFile: PakFile PathHashIndexSize=101
[2022.02.13-10.57.20:764][  0]LogPakFile: PakFile FullDirectoryIndexSize=144
[2022.02.13-10.57.20:764][  0]LogShaderLibrary: Display: ShaderCodeLibraryPakFileMountedCallback: PakFile 'C:/Program Files/Epic Games/UE_4.27/FeaturePacks/TP_RollingBP.upack' (chunk index -1, root 'root:/') mounted
[2022.02.13-10.57.20:764][  0]LogShaderLibrary: Display: ShaderCodeLibraryPakFileMountedCallback: pending pak file info (ChunkID:-1 Root:root:/ File:C:/Program Files/Epic Games/UE_4.27/FeaturePacks/TP_RollingBP.upack)
[2022.02.13-10.57.20:764][  0]LogPakFile: OnPakFileMounted2Time == 0.000058
[2022.02.13-10.57.20:781][  0]LogPakFile: PakFile PrimaryIndexSize=188
[2022.02.13-10.57.20:781][  0]LogPakFile: PakFile PathHashIndexSize=101
[2022.02.13-10.57.20:781][  0]LogPakFile: PakFile FullDirectoryIndexSize=150
[2022.02.13-10.57.20:781][  0]LogShaderLibrary: Display: ShaderCodeLibraryPakFileMountedCallback: PakFile 'C:/Program Files/Epic Games/UE_4.27/FeaturePacks/TP_SideScroller.upack' (chunk index -1, root 'root:/') mounted
[2022.02.13-10.57.20:781][  0]LogShaderLibrary: Display: ShaderCodeLibraryPakFileMountedCallback: pending pak file info (ChunkID:-1 Root:root:/ File:C:/Program Files/Epic Games/UE_4.27/FeaturePacks/TP_SideScroller.upack)
[2022.02.13-10.57.20:781][  0]LogPakFile: OnPakFileMounted2Time == 0.000138
[2022.02.13-10.57.20:791][  0]LogPakFile: PakFile PrimaryIndexSize=190
[2022.02.13-10.57.20:791][  0]LogPakFile: PakFile PathHashIndexSize=101
[2022.02.13-10.57.20:791][  0]LogPakFile: PakFile FullDirectoryIndexSize=154
[2022.02.13-10.57.20:791][  0]LogShaderLibrary: Display: ShaderCodeLibraryPakFileMountedCallback: PakFile 'C:/Program Files/Epic Games/UE_4.27/FeaturePacks/TP_SideScrollerBP.upack' (chunk index -1, root 'root:/') mounted
[2022.02.13-10.57.20:791][  0]LogShaderLibrary: Display: ShaderCodeLibraryPakFileMountedCallback: pending pak file info (ChunkID:-1 Root:root:/ File:C:/Program Files/Epic Games/UE_4.27/FeaturePacks/TP_SideScrollerBP.upack)
[2022.02.13-10.57.20:791][  0]LogPakFile: OnPakFileMounted2Time == 0.000086
[2022.02.13-10.57.20:801][  0]LogPakFile: PakFile PrimaryIndexSize=187
[2022.02.13-10.57.20:801][  0]LogPakFile: PakFile PathHashIndexSize=101
[2022.02.13-10.57.20:801][  0]LogPakFile: PakFile FullDirectoryIndexSize=148
[2022.02.13-10.57.20:801][  0]LogShaderLibrary: Display: ShaderCodeLibraryPakFileMountedCallback: PakFile 'C:/Program Files/Epic Games/UE_4.27/FeaturePacks/TP_ThirdPerson.upack' (chunk index -1, root 'root:/') mounted
[2022.02.13-10.57.20:801][  0]LogShaderLibrary: Display: ShaderCodeLibraryPakFileMountedCallback: pending pak file info (ChunkID:-1 Root:root:/ File:C:/Program Files/Epic Games/UE_4.27/FeaturePacks/TP_ThirdPerson.upack)
[2022.02.13-10.57.20:801][  0]LogPakFile: OnPakFileMounted2Time == 0.000049
[2022.02.13-10.57.20:812][  0]LogPakFile: PakFile PrimaryIndexSize=189
[2022.02.13-10.57.20:812][  0]LogPakFile: PakFile PathHashIndexSize=101
[2022.02.13-10.57.20:812][  0]LogPakFile: PakFile FullDirectoryIndexSize=152
[2022.02.13-10.57.20:812][  0]LogShaderLibrary: Display: ShaderCodeLibraryPakFileMountedCallback: PakFile 'C:/Program Files/Epic Games/UE_4.27/FeaturePacks/TP_ThirdPersonBP.upack' (chunk index -1, root 'root:/') mounted
[2022.02.13-10.57.20:812][  0]LogShaderLibrary: Display: ShaderCodeLibraryPakFileMountedCallback: pending pak file info (ChunkID:-1 Root:root:/ File:C:/Program Files/Epic Games/UE_4.27/FeaturePacks/TP_ThirdPersonBP.upack)
[2022.02.13-10.57.20:812][  0]LogPakFile: OnPakFileMounted2Time == 0.000077
[2022.02.13-10.57.20:822][  0]LogPakFile: PakFile PrimaryIndexSize=183
[2022.02.13-10.57.20:822][  0]LogPakFile: PakFile PathHashIndexSize=101
[2022.02.13-10.57.20:822][  0]LogPakFile: PakFile FullDirectoryIndexSize=140
[2022.02.13-10.57.20:822][  0]LogShaderLibrary: Display: ShaderCodeLibraryPakFileMountedCallback: PakFile 'C:/Program Files/Epic Games/UE_4.27/FeaturePacks/TP_TopDown.upack' (chunk index -1, root 'root:/') mounted
[2022.02.13-10.57.20:822][  0]LogShaderLibrary: Display: ShaderCodeLibraryPakFileMountedCallback: pending pak file info (ChunkID:-1 Root:root:/ File:C:/Program Files/Epic Games/UE_4.27/FeaturePacks/TP_TopDown.upack)
[2022.02.13-10.57.20:822][  0]LogPakFile: OnPakFileMounted2Time == 0.000060
[2022.02.13-10.57.20:832][  0]LogPakFile: PakFile PrimaryIndexSize=185
[2022.02.13-10.57.20:832][  0]LogPakFile: PakFile PathHashIndexSize=101
[2022.02.13-10.57.20:832][  0]LogPakFile: PakFile FullDirectoryIndexSize=144
[2022.02.13-10.57.20:832][  0]LogShaderLibrary: Display: ShaderCodeLibraryPakFileMountedCallback: PakFile 'C:/Program Files/Epic Games/UE_4.27/FeaturePacks/TP_TopDownBP.upack' (chunk index -1, root 'root:/') mounted
[2022.02.13-10.57.20:832][  0]LogShaderLibrary: Display: ShaderCodeLibraryPakFileMountedCallback: pending pak file info (ChunkID:-1 Root:root:/ File:C:/Program Files/Epic Games/UE_4.27/FeaturePacks/TP_TopDownBP.upack)
[2022.02.13-10.57.20:832][  0]LogPakFile: OnPakFileMounted2Time == 0.000047
[2022.02.13-10.57.20:850][  0]LogPakFile: PakFile PrimaryIndexSize=185
[2022.02.13-10.57.20:850][  0]LogPakFile: PakFile PathHashIndexSize=101
[2022.02.13-10.57.20:850][  0]LogPakFile: PakFile FullDirectoryIndexSize=144
[2022.02.13-10.57.20:850][  0]LogShaderLibrary: Display: ShaderCodeLibraryPakFileMountedCallback: PakFile 'C:/Program Files/Epic Games/UE_4.27/FeaturePacks/TP_TwinStick.upack' (chunk index -1, root 'root:/') mounted
[2022.02.13-10.57.20:850][  0]LogShaderLibrary: Display: ShaderCodeLibraryPakFileMountedCallback: pending pak file info (ChunkID:-1 Root:root:/ File:C:/Program Files/Epic Games/UE_4.27/FeaturePacks/TP_TwinStick.upack)
[2022.02.13-10.57.20:850][  0]LogPakFile: OnPakFileMounted2Time == 0.000053
[2022.02.13-10.57.20:860][  0]LogPakFile: PakFile PrimaryIndexSize=187
[2022.02.13-10.57.20:860][  0]LogPakFile: PakFile PathHashIndexSize=101
[2022.02.13-10.57.20:860][  0]LogPakFile: PakFile FullDirectoryIndexSize=148
[2022.02.13-10.57.20:860][  0]LogShaderLibrary: Display: ShaderCodeLibraryPakFileMountedCallback: PakFile 'C:/Program Files/Epic Games/UE_4.27/FeaturePacks/TP_TwinStickBP.upack' (chunk index -1, root 'root:/') mounted
[2022.02.13-10.57.20:860][  0]LogShaderLibrary: Display: ShaderCodeLibraryPakFileMountedCallback: pending pak file info (ChunkID:-1 Root:root:/ File:C:/Program Files/Epic Games/UE_4.27/FeaturePacks/TP_TwinStickBP.upack)
[2022.02.13-10.57.20:860][  0]LogPakFile: OnPakFileMounted2Time == 0.000054
[2022.02.13-10.57.20:871][  0]LogPakFile: PakFile PrimaryIndexSize=183
[2022.02.13-10.57.20:871][  0]LogPakFile: PakFile PathHashIndexSize=101
[2022.02.13-10.57.20:871][  0]LogPakFile: PakFile FullDirectoryIndexSize=140
[2022.02.13-10.57.20:871][  0]LogShaderLibrary: Display: ShaderCodeLibraryPakFileMountedCallback: PakFile 'C:/Program Files/Epic Games/UE_4.27/FeaturePacks/TP_Vehicle.upack' (chunk index -1, root 'root:/') mounted
[2022.02.13-10.57.20:871][  0]LogShaderLibrary: Display: ShaderCodeLibraryPakFileMountedCallback: pending pak file info (ChunkID:-1 Root:root:/ File:C:/Program Files/Epic Games/UE_4.27/FeaturePacks/TP_Vehicle.upack)
[2022.02.13-10.57.20:871][  0]LogPakFile: OnPakFileMounted2Time == 0.000060
[2022.02.13-10.57.20:880][  0]LogPakFile: PakFile PrimaryIndexSize=186
[2022.02.13-10.57.20:880][  0]LogPakFile: PakFile PathHashIndexSize=101
[2022.02.13-10.57.20:880][  0]LogPakFile: PakFile FullDirectoryIndexSize=146
[2022.02.13-10.57.20:880][  0]LogShaderLibrary: Display: ShaderCodeLibraryPakFileMountedCallback: PakFile 'C:/Program Files/Epic Games/UE_4.27/FeaturePacks/TP_VehicleAdv.upack' (chunk index -1, root 'root:/') mounted
[2022.02.13-10.57.20:880][  0]LogShaderLibrary: Display: ShaderCodeLibraryPakFileMountedCallback: pending pak file info (ChunkID:-1 Root:root:/ File:C:/Program Files/Epic Games/UE_4.27/FeaturePacks/TP_VehicleAdv.upack)
[2022.02.13-10.57.20:880][  0]LogPakFile: OnPakFileMounted2Time == 0.000048
[2022.02.13-10.57.20:888][  0]LogPakFile: PakFile PrimaryIndexSize=188
[2022.02.13-10.57.20:888][  0]LogPakFile: PakFile PathHashIndexSize=101
[2022.02.13-10.57.20:888][  0]LogPakFile: PakFile FullDirectoryIndexSize=150
[2022.02.13-10.57.20:888][  0]LogShaderLibrary: Display: ShaderCodeLibraryPakFileMountedCallback: PakFile 'C:/Program Files/Epic Games/UE_4.27/FeaturePacks/TP_VehicleAdvBP.upack' (chunk index -1, root 'root:/') mounted
[2022.02.13-10.57.20:888][  0]LogShaderLibrary: Display: ShaderCodeLibraryPakFileMountedCallback: pending pak file info (ChunkID:-1 Root:root:/ File:C:/Program Files/Epic Games/UE_4.27/FeaturePacks/TP_VehicleAdvBP.upack)
[2022.02.13-10.57.20:888][  0]LogPakFile: OnPakFileMounted2Time == 0.000051
[2022.02.13-10.57.20:897][  0]LogPakFile: PakFile PrimaryIndexSize=185
[2022.02.13-10.57.20:897][  0]LogPakFile: PakFile PathHashIndexSize=101
[2022.02.13-10.57.20:897][  0]LogPakFile: PakFile FullDirectoryIndexSize=144
[2022.02.13-10.57.20:897][  0]LogShaderLibrary: Display: ShaderCodeLibraryPakFileMountedCallback: PakFile 'C:/Program Files/Epic Games/UE_4.27/FeaturePacks/TP_VehicleBP.upack' (chunk index -1, root 'root:/') mounted
[2022.02.13-10.57.20:897][  0]LogShaderLibrary: Display: ShaderCodeLibraryPakFileMountedCallback: pending pak file info (ChunkID:-1 Root:root:/ File:C:/Program Files/Epic Games/UE_4.27/FeaturePacks/TP_VehicleBP.upack)
[2022.02.13-10.57.20:897][  0]LogPakFile: OnPakFileMounted2Time == 0.000047
[2022.02.13-10.57.20:905][  0]LogPakFile: PakFile PrimaryIndexSize=192
[2022.02.13-10.57.20:905][  0]LogPakFile: PakFile PathHashIndexSize=101
[2022.02.13-10.57.20:905][  0]LogPakFile: PakFile FullDirectoryIndexSize=158
[2022.02.13-10.57.20:905][  0]LogShaderLibrary: Display: ShaderCodeLibraryPakFileMountedCallback: PakFile 'C:/Program Files/Epic Games/UE_4.27/FeaturePacks/TP_VirtualRealityBP.upack' (chunk index -1, root 'root:/') mounted
[2022.02.13-10.57.20:905][  0]LogShaderLibrary: Display: ShaderCodeLibraryPakFileMountedCallback: pending pak file info (ChunkID:-1 Root:root:/ File:C:/Program Files/Epic Games/UE_4.27/FeaturePacks/TP_VirtualRealityBP.upack)
[2022.02.13-10.57.20:905][  0]LogPakFile: OnPakFileMounted2Time == 0.000050
[2022.02.13-10.57.21:445][  0]LogNativeClassHierarchy: Verbose: Native class hierarchy updated for 'AddContentDialog' in 0.0003 seconds. Added 0 classes and 0 folders.
[2022.02.13-10.57.21:446][  0]LogNativeClassHierarchy: Verbose: Native class hierarchy updated for 'SceneOutliner' in 0.0002 seconds. Added 2 classes and 0 folders.
[2022.02.13-10.57.21:570][  0]LogSlate: Took 0.000188 seconds to synchronously load lazily loaded font '../../../Engine/Content/Slate/Fonts/Roboto-Regular.ttf' (155K)
[2022.02.13-10.57.21:582][  0]LogSlate: Took 0.011147 seconds to synchronously load lazily loaded font '../../../Engine/Content/Editor/Slate/Fonts/FontAwesome.ttf' (139K)
[2022.02.13-10.57.21:584][  0]LogSlate: Took 0.000177 seconds to synchronously load lazily loaded font '../../../Engine/Content/Slate/Fonts/Roboto-Bold.ttf' (160K)
[2022.02.13-10.57.21:855][  0]LogRenderer: Reallocating scene render targets to support 1208x568 Format 10 NumSamples 1 (Frame:1).
[2022.02.13-10.57.21:992][  0]LogNativeClassHierarchy: Verbose: Native class hierarchy updated for 'HierarchicalLODOutliner' in 0.0005 seconds. Added 0 classes and 0 folders.
[2022.02.13-10.57.21:992][  0]LogLoad: (Engine Initialization) Total time: 11.16 seconds
[2022.02.13-10.57.21:992][  0]LogLoad: (Engine Initialization) Total Blueprint compile time: 0.00 seconds
[2022.02.13-10.57.22:072][  0]LogContentStreaming: Texture pool size now 1000 MB
[2022.02.13-10.57.22:092][  1]LogAssetRegistry: Asset discovery search completed in 6.9714 seconds
[2022.02.13-10.57.22:101][  1]LogCollectionManager: Fixed up redirectors for 0 collections in 0.000005 seconds (updated 0 objects)
[2022.02.13-10.57.22:175][  3]LogSlate: Took 0.011760 seconds to synchronously load lazily loaded font '../../../Engine/Content/Slate/Fonts/Roboto-Light.ttf' (167K)
[2022.02.13-10.57.23:021][ 54]LogSlate: Took 0.000162 seconds to synchronously load lazily loaded font '../../../Engine/Content/Slate/Fonts/Roboto-Light.ttf' (167K)
[2022.02.13-10.57.24:627][140]LogTemp: Repeating last play command: New Editor Window (PIE)
[2022.02.13-10.57.24:633][140]LogPlayLevel: PlayLevel: No blueprints needed recompiling
[2022.02.13-10.57.24:635][140]PIE: New page: PIE session: TutorialMap (Feb 12, 2022, 10:57:24 PM)
[2022.02.13-10.57.24:637][140]LogOnline: OSS: Creating online subsystem instance for: NULL
[2022.02.13-10.57.24:638][140]LogOnline: OSS: TryLoadSubsystemAndSetDefault: Loaded subsystem for module [NULL]
[2022.02.13-10.57.24:638][140]LogPlayLevel: Creating play world package: /Game/InfiniteMatrix/Maps/UEDPIE_0_TutorialMap
[2022.02.13-10.57.24:640][140]LogPlayLevel: PIE: StaticDuplicateObject took: (0.001657s)
[2022.02.13-10.57.24:641][140]LogAIModule: Creating AISystem for world TutorialMap
[2022.02.13-10.57.24:641][140]LogPlayLevel: PIE: World Init took: (0.001153s)
[2022.02.13-10.57.24:641][140]LogPlayLevel: PIE: Created PIE world by copying editor world from /Game/InfiniteMatrix/Maps/TutorialMap.TutorialMap to /Game/InfiniteMatrix/Maps/UEDPIE_0_TutorialMap.TutorialMap (0.002944s)
[2022.02.13-10.57.24:647][140]LogUObjectHash: Compacting FUObjectHashTables data took   0.77ms
[2022.02.13-10.57.24:649][140]LogAudio: Display: Creating Audio Device:                 Id: 2, Scope: Unique, Realtime: True
[2022.02.13-10.57.24:649][140]LogAudioMixer: Display: Audio Mixer Platform Settings:
[2022.02.13-10.57.24:649][140]LogAudioMixer: Display: 	Sample Rate:						  48000
[2022.02.13-10.57.24:649][140]LogAudioMixer: Display: 	Callback Buffer Frame Size Requested: 1024
[2022.02.13-10.57.24:649][140]LogAudioMixer: Display: 	Callback Buffer Frame Size To Use:	  1024
[2022.02.13-10.57.24:649][140]LogAudioMixer: Display: 	Number of buffers to queue:			  2
[2022.02.13-10.57.24:649][140]LogAudioMixer: Display: 	Max Channels (voices):				  32
[2022.02.13-10.57.24:649][140]LogAudioMixer: Display: 	Number of Async Source Workers:		  0
[2022.02.13-10.57.24:649][140]LogAudio: Display: AudioDevice MaxSources: 32
[2022.02.13-10.57.24:650][140]LogAudio: Display: Audio Spatialization Plugin: None (built-in).
[2022.02.13-10.57.24:650][140]LogAudio: Display: Audio Reverb Plugin: None (built-in).
[2022.02.13-10.57.24:650][140]LogAudio: Display: Audio Occlusion Plugin: None (built-in).
[2022.02.13-10.57.24:650][140]LogAudioMixer: Display: Initializing audio mixer.
[2022.02.13-10.57.24:657][140]LogAudioMixer: Display: 0: FrontLeft
[2022.02.13-10.57.24:657][140]LogAudioMixer: Display: 1: FrontRight
[2022.02.13-10.57.24:698][140]LogAudioMixer: Display: Using Audio Device Headphones (2- Arctis 7 Game)
[2022.02.13-10.57.24:698][140]LogAudioMixer: Display: Initializing Sound Submixes...
[2022.02.13-10.57.24:698][140]LogAudioMixer: Display: Creating Master Submix 'MasterSubmixDefault'
[2022.02.13-10.57.24:698][140]LogAudioMixer: Display: Creating Master Submix 'MasterReverbSubmixDefault'
[2022.02.13-10.57.24:699][140]LogAudioMixer: Display: Creating Master Submix 'MasterEQSubmixDefault'
[2022.02.13-10.57.24:699][140]LogAudioMixer: FMixerPlatformXAudio2::StartAudioStream() called
[2022.02.13-10.57.24:699][140]LogAudioMixer: Display: Output buffers initialized: Frames=1024, Channels=2, Samples=2048
[2022.02.13-10.57.24:700][140]LogAudioMixer: Display: Starting AudioMixerPlatformInterface::RunInternal()
[2022.02.13-10.57.24:700][140]LogAudioMixer: Display: FMixerPlatformXAudio2::SubmitBuffer() called for the first time
[2022.02.13-10.57.24:700][140]LogInit: FAudioDevice initialized.
[2022.02.13-10.57.24:700][140]LogAudio: Display: Audio Device (ID: 2) registered with world 'TutorialMap'.
[2022.02.13-10.57.24:728][140]LogSlate: Updating window title bar state: overlay mode, drag disabled, window buttons hidden, title bar hidden
[2022.02.13-10.57.24:728][140]LogLoad: Game class is 'GM_Tutorial_C'
[2022.02.13-10.57.24:730][140]LogWorld: Bringing World /Game/InfiniteMatrix/Maps/UEDPIE_0_TutorialMap.TutorialMap up for play (max tick rate 60) at 2022.02.13-04.57.24
[2022.02.13-10.57.24:730][140]LogWorld: Bringing up level for play took: 0.000700
[2022.02.13-10.57.24:730][140]LogOnline: OSS: Creating online subsystem instance for: :Context_1
[2022.02.13-10.57.24:735][140]LogNativeClassHierarchy: Verbose: Native class hierarchy updated for 'MovieSceneCapture' in 0.0006 seconds. Added 20 classes and 0 folders.
[2022.02.13-10.57.24:743][140]PIE: Server logged in
[2022.02.13-10.57.24:744][140]PIE: Play in editor total start time 0.112 seconds.
[2022.02.13-10.57.34:648][728]LogSlate: Updating window title bar state: overlay mode, drag disabled, window buttons hidden, title bar hidden
[2022.02.13-10.57.34:649][728]LogWorld: BeginTearingDown for /Game/InfiniteMatrix/Maps/UEDPIE_0_TutorialMap
[2022.02.13-10.57.34:650][728]LogSlate: Window 'InfiniteMatrix Preview [NetMode: Standalone]  (64-bit/Windows) ' being destroyed
[2022.02.13-10.57.34:654][728]LogWorld: UWorld::CleanupWorld for TutorialMap, bSessionEnded=true, bCleanupResources=true
[2022.02.13-10.57.34:655][728]LogSlate: InvalidateAllWidgets triggered.  All widgets were invalidated
[2022.02.13-10.57.34:669][728]LogPlayLevel: Display: Shutting down PIE online subsystems
[2022.02.13-10.57.34:672][728]LogSlate: InvalidateAllWidgets triggered.  All widgets were invalidated
[2022.02.13-10.57.34:680][728]LogAudio: Display: Audio Device unregistered from world 'None'.
[2022.02.13-10.57.34:680][728]LogAudioMixer: FMixerPlatformXAudio2::StopAudioStream() called
[2022.02.13-10.57.34:681][728]LogAudioMixer: FMixerPlatformXAudio2::StopAudioStream() called
[2022.02.13-10.57.34:690][728]LogUObjectHash: Compacting FUObjectHashTables data took   1.37ms
[2022.02.13-10.57.34:707][729]LogPlayLevel: Display: Destroying online subsystem :Context_1
[2022.02.13-10.57.51:678][  0]LogUObjectHash: Compacting FUObjectHashTables data took   0.91ms
[2022.02.13-10.57.51:729][  0]LogSlate: Window 'InfiniteMatrix - Unreal Editor' being destroyed
